

Started GET "/" for 127.0.0.1 at 2015-06-21 12:56:44 +0200

ActionController::RoutingError (uninitialized constant RootController):
  activesupport (4.2.0) lib/active_support/inflector/methods.rb:261:in `const_get'
  activesupport (4.2.0) lib/active_support/inflector/methods.rb:261:in `block in constantize'
  activesupport (4.2.0) lib/active_support/inflector/methods.rb:259:in `each'
  activesupport (4.2.0) lib/active_support/inflector/methods.rb:259:in `inject'
  activesupport (4.2.0) lib/active_support/inflector/methods.rb:259:in `constantize'
  actionpack (4.2.0) lib/action_dispatch/routing/route_set.rb:69:in `controller_reference'
  actionpack (4.2.0) lib/action_dispatch/routing/route_set.rb:59:in `controller'
  actionpack (4.2.0) lib/action_dispatch/routing/route_set.rb:38:in `serve'
  actionpack (4.2.0) lib/action_dispatch/journey/router.rb:43:in `block in serve'
  actionpack (4.2.0) lib/action_dispatch/journey/router.rb:30:in `each'
  actionpack (4.2.0) lib/action_dispatch/journey/router.rb:30:in `serve'
  actionpack (4.2.0) lib/action_dispatch/routing/route_set.rb:802:in `call'
  rack (1.6.0) lib/rack/etag.rb:24:in `call'
  rack (1.6.0) lib/rack/conditionalget.rb:25:in `call'
  rack (1.6.0) lib/rack/head.rb:13:in `call'
  actionpack (4.2.0) lib/action_dispatch/middleware/params_parser.rb:27:in `call'
  actionpack (4.2.0) lib/action_dispatch/middleware/flash.rb:260:in `call'
  rack (1.6.0) lib/rack/session/abstract/id.rb:225:in `context'
  rack (1.6.0) lib/rack/session/abstract/id.rb:220:in `call'
  actionpack (4.2.0) lib/action_dispatch/middleware/cookies.rb:560:in `call'
  activerecord (4.2.0) lib/active_record/query_cache.rb:36:in `call'
  activerecord (4.2.0) lib/active_record/connection_adapters/abstract/connection_pool.rb:647:in `call'
  activerecord (4.2.0) lib/active_record/migration.rb:378:in `call'
  actionpack (4.2.0) lib/action_dispatch/middleware/callbacks.rb:29:in `block in call'
  activesupport (4.2.0) lib/active_support/callbacks.rb:88:in `call'
  activesupport (4.2.0) lib/active_support/callbacks.rb:88:in `_run_callbacks'
  activesupport (4.2.0) lib/active_support/callbacks.rb:734:in `_run_call_callbacks'
  activesupport (4.2.0) lib/active_support/callbacks.rb:81:in `run_callbacks'
  actionpack (4.2.0) lib/action_dispatch/middleware/callbacks.rb:27:in `call'
  actionpack (4.2.0) lib/action_dispatch/middleware/reloader.rb:73:in `call'
  actionpack (4.2.0) lib/action_dispatch/middleware/remote_ip.rb:78:in `call'
  actionpack (4.2.0) lib/action_dispatch/middleware/debug_exceptions.rb:17:in `call'
  web-console (2.1.0) lib/web_console/middleware.rb:37:in `call'
  actionpack (4.2.0) lib/action_dispatch/middleware/show_exceptions.rb:30:in `call'
  railties (4.2.0) lib/rails/rack/logger.rb:38:in `call_app'
  railties (4.2.0) lib/rails/rack/logger.rb:20:in `block in call'
  activesupport (4.2.0) lib/active_support/tagged_logging.rb:68:in `block in tagged'
  activesupport (4.2.0) lib/active_support/tagged_logging.rb:26:in `tagged'
  activesupport (4.2.0) lib/active_support/tagged_logging.rb:68:in `tagged'
  railties (4.2.0) lib/rails/rack/logger.rb:20:in `call'
  actionpack (4.2.0) lib/action_dispatch/middleware/request_id.rb:21:in `call'
  rack (1.6.0) lib/rack/methodoverride.rb:22:in `call'
  rack (1.6.0) lib/rack/runtime.rb:18:in `call'
  activesupport (4.2.0) lib/active_support/cache/strategy/local_cache_middleware.rb:28:in `call'
  rack (1.6.0) lib/rack/lock.rb:17:in `call'
  actionpack (4.2.0) lib/action_dispatch/middleware/static.rb:113:in `call'
  rack (1.6.0) lib/rack/sendfile.rb:113:in `call'
  railties (4.2.0) lib/rails/engine.rb:518:in `call'
  railties (4.2.0) lib/rails/application.rb:164:in `call'
  rack (1.6.0) lib/rack/content_length.rb:15:in `call'
  thin (1.6.3) lib/thin/connection.rb:86:in `block in pre_process'
  thin (1.6.3) lib/thin/connection.rb:84:in `catch'
  thin (1.6.3) lib/thin/connection.rb:84:in `pre_process'
  thin (1.6.3) lib/thin/connection.rb:53:in `process'
  thin (1.6.3) lib/thin/connection.rb:39:in `receive_data'
  eventmachine (1.0.7) lib/eventmachine.rb:187:in `run_machine'
  eventmachine (1.0.7) lib/eventmachine.rb:187:in `run'
  thin (1.6.3) lib/thin/backends/base.rb:73:in `start'
  thin (1.6.3) lib/thin/server.rb:162:in `start'
  rack (1.6.0) lib/rack/handler/thin.rb:19:in `run'
  rack (1.6.0) lib/rack/server.rb:286:in `start'
  railties (4.2.0) lib/rails/commands/server.rb:80:in `start'
  railties (4.2.0) lib/rails/commands/commands_tasks.rb:80:in `block in server'
  railties (4.2.0) lib/rails/commands/commands_tasks.rb:75:in `tap'
  railties (4.2.0) lib/rails/commands/commands_tasks.rb:75:in `server'
  railties (4.2.0) lib/rails/commands/commands_tasks.rb:39:in `run_command!'
  railties (4.2.0) lib/rails/commands.rb:17:in `<top (required)>'
  bin/rails:8:in `require'
  bin/rails:8:in `<main>'


  Rendered /home/tb/.rvm/gems/ruby-2.1.5/gems/actionpack-4.2.0/lib/action_dispatch/middleware/templates/rescues/_trace.html.erb (5.2ms)
  Rendered /home/tb/.rvm/gems/ruby-2.1.5/gems/actionpack-4.2.0/lib/action_dispatch/middleware/templates/routes/_route.html.erb (1.8ms)
  Rendered /home/tb/.rvm/gems/ruby-2.1.5/gems/actionpack-4.2.0/lib/action_dispatch/middleware/templates/routes/_table.html.erb (3.9ms)
  Rendered /home/tb/.rvm/gems/ruby-2.1.5/gems/actionpack-4.2.0/lib/action_dispatch/middleware/templates/rescues/_request_and_response.html.erb (16.5ms)
  Rendered /home/tb/.rvm/gems/ruby-2.1.5/gems/actionpack-4.2.0/lib/action_dispatch/middleware/templates/rescues/routing_error.html.erb within rescues/layout (65.4ms)
  Rendered /home/tb/.rvm/gems/ruby-2.1.5/gems/web-console-2.1.0/lib/web_console/templates/_markup.html (0.4ms)
  Rendered /home/tb/.rvm/gems/ruby-2.1.5/gems/web-console-2.1.0/lib/web_console/templates/style.css within layouts/inlined_string (0.5ms)
  Rendered /home/tb/.rvm/gems/ruby-2.1.5/gems/web-console-2.1.0/lib/web_console/templates/_inner_console_markup.html within layouts/inlined_string (0.4ms)
  Rendered /home/tb/.rvm/gems/ruby-2.1.5/gems/web-console-2.1.0/lib/web_console/templates/_prompt_box_markup.html within layouts/inlined_string (0.3ms)
  Rendered /home/tb/.rvm/gems/ruby-2.1.5/gems/web-console-2.1.0/lib/web_console/templates/console.js within layouts/javascript (14.0ms)
  Rendered /home/tb/.rvm/gems/ruby-2.1.5/gems/web-console-2.1.0/lib/web_console/templates/main.js within layouts/javascript (0.3ms)
  Rendered /home/tb/.rvm/gems/ruby-2.1.5/gems/web-console-2.1.0/lib/web_console/templates/error_page.js within layouts/javascript (0.6ms)
  Rendered /home/tb/.rvm/gems/ruby-2.1.5/gems/web-console-2.1.0/lib/web_console/templates/index.html (29.3ms)


Started GET "/" for 127.0.0.1 at 2015-06-21 13:07:05 +0200

ActionController::RoutingError (uninitialized constant RootController):
  activesupport (4.2.0) lib/active_support/inflector/methods.rb:261:in `const_get'
  activesupport (4.2.0) lib/active_support/inflector/methods.rb:261:in `block in constantize'
  activesupport (4.2.0) lib/active_support/inflector/methods.rb:259:in `each'
  activesupport (4.2.0) lib/active_support/inflector/methods.rb:259:in `inject'
  activesupport (4.2.0) lib/active_support/inflector/methods.rb:259:in `constantize'
  actionpack (4.2.0) lib/action_dispatch/routing/route_set.rb:69:in `controller_reference'
  actionpack (4.2.0) lib/action_dispatch/routing/route_set.rb:59:in `controller'
  actionpack (4.2.0) lib/action_dispatch/routing/route_set.rb:38:in `serve'
  actionpack (4.2.0) lib/action_dispatch/journey/router.rb:43:in `block in serve'
  actionpack (4.2.0) lib/action_dispatch/journey/router.rb:30:in `each'
  actionpack (4.2.0) lib/action_dispatch/journey/router.rb:30:in `serve'
  actionpack (4.2.0) lib/action_dispatch/routing/route_set.rb:802:in `call'
  rack (1.6.0) lib/rack/etag.rb:24:in `call'
  rack (1.6.0) lib/rack/conditionalget.rb:25:in `call'
  rack (1.6.0) lib/rack/head.rb:13:in `call'
  actionpack (4.2.0) lib/action_dispatch/middleware/params_parser.rb:27:in `call'
  actionpack (4.2.0) lib/action_dispatch/middleware/flash.rb:260:in `call'
  rack (1.6.0) lib/rack/session/abstract/id.rb:225:in `context'
  rack (1.6.0) lib/rack/session/abstract/id.rb:220:in `call'
  actionpack (4.2.0) lib/action_dispatch/middleware/cookies.rb:560:in `call'
  activerecord (4.2.0) lib/active_record/query_cache.rb:36:in `call'
  activerecord (4.2.0) lib/active_record/connection_adapters/abstract/connection_pool.rb:647:in `call'
  activerecord (4.2.0) lib/active_record/migration.rb:378:in `call'
  actionpack (4.2.0) lib/action_dispatch/middleware/callbacks.rb:29:in `block in call'
  activesupport (4.2.0) lib/active_support/callbacks.rb:88:in `call'
  activesupport (4.2.0) lib/active_support/callbacks.rb:88:in `_run_callbacks'
  activesupport (4.2.0) lib/active_support/callbacks.rb:734:in `_run_call_callbacks'
  activesupport (4.2.0) lib/active_support/callbacks.rb:81:in `run_callbacks'
  actionpack (4.2.0) lib/action_dispatch/middleware/callbacks.rb:27:in `call'
  actionpack (4.2.0) lib/action_dispatch/middleware/reloader.rb:73:in `call'
  actionpack (4.2.0) lib/action_dispatch/middleware/remote_ip.rb:78:in `call'
  actionpack (4.2.0) lib/action_dispatch/middleware/debug_exceptions.rb:17:in `call'
  web-console (2.1.0) lib/web_console/middleware.rb:37:in `call'
  actionpack (4.2.0) lib/action_dispatch/middleware/show_exceptions.rb:30:in `call'
  railties (4.2.0) lib/rails/rack/logger.rb:38:in `call_app'
  railties (4.2.0) lib/rails/rack/logger.rb:20:in `block in call'
  activesupport (4.2.0) lib/active_support/tagged_logging.rb:68:in `block in tagged'
  activesupport (4.2.0) lib/active_support/tagged_logging.rb:26:in `tagged'
  activesupport (4.2.0) lib/active_support/tagged_logging.rb:68:in `tagged'
  railties (4.2.0) lib/rails/rack/logger.rb:20:in `call'
  actionpack (4.2.0) lib/action_dispatch/middleware/request_id.rb:21:in `call'
  rack (1.6.0) lib/rack/methodoverride.rb:22:in `call'
  rack (1.6.0) lib/rack/runtime.rb:18:in `call'
  activesupport (4.2.0) lib/active_support/cache/strategy/local_cache_middleware.rb:28:in `call'
  rack (1.6.0) lib/rack/lock.rb:17:in `call'
  actionpack (4.2.0) lib/action_dispatch/middleware/static.rb:113:in `call'
  rack (1.6.0) lib/rack/sendfile.rb:113:in `call'
  railties (4.2.0) lib/rails/engine.rb:518:in `call'
  railties (4.2.0) lib/rails/application.rb:164:in `call'
  rack (1.6.0) lib/rack/content_length.rb:15:in `call'
  thin (1.6.3) lib/thin/connection.rb:86:in `block in pre_process'
  thin (1.6.3) lib/thin/connection.rb:84:in `catch'
  thin (1.6.3) lib/thin/connection.rb:84:in `pre_process'
  thin (1.6.3) lib/thin/connection.rb:53:in `process'
  thin (1.6.3) lib/thin/connection.rb:39:in `receive_data'
  eventmachine (1.0.7) lib/eventmachine.rb:187:in `run_machine'
  eventmachine (1.0.7) lib/eventmachine.rb:187:in `run'
  thin (1.6.3) lib/thin/backends/base.rb:73:in `start'
  thin (1.6.3) lib/thin/server.rb:162:in `start'
  rack (1.6.0) lib/rack/handler/thin.rb:19:in `run'
  rack (1.6.0) lib/rack/server.rb:286:in `start'
  railties (4.2.0) lib/rails/commands/server.rb:80:in `start'
  railties (4.2.0) lib/rails/commands/commands_tasks.rb:80:in `block in server'
  railties (4.2.0) lib/rails/commands/commands_tasks.rb:75:in `tap'
  railties (4.2.0) lib/rails/commands/commands_tasks.rb:75:in `server'
  railties (4.2.0) lib/rails/commands/commands_tasks.rb:39:in `run_command!'
  railties (4.2.0) lib/rails/commands.rb:17:in `<top (required)>'
  bin/rails:8:in `require'
  bin/rails:8:in `<main>'


  Rendered /home/tb/.rvm/gems/ruby-2.1.5/gems/actionpack-4.2.0/lib/action_dispatch/middleware/templates/rescues/_trace.html.erb (3.4ms)
  Rendered /home/tb/.rvm/gems/ruby-2.1.5/gems/actionpack-4.2.0/lib/action_dispatch/middleware/templates/routes/_route.html.erb (1.9ms)
  Rendered /home/tb/.rvm/gems/ruby-2.1.5/gems/actionpack-4.2.0/lib/action_dispatch/middleware/templates/routes/_table.html.erb (4.9ms)
  Rendered /home/tb/.rvm/gems/ruby-2.1.5/gems/actionpack-4.2.0/lib/action_dispatch/middleware/templates/rescues/_request_and_response.html.erb (12.8ms)
  Rendered /home/tb/.rvm/gems/ruby-2.1.5/gems/actionpack-4.2.0/lib/action_dispatch/middleware/templates/rescues/routing_error.html.erb within rescues/layout (60.0ms)
  Rendered /home/tb/.rvm/gems/ruby-2.1.5/gems/web-console-2.1.0/lib/web_console/templates/_markup.html (0.6ms)
  Rendered /home/tb/.rvm/gems/ruby-2.1.5/gems/web-console-2.1.0/lib/web_console/templates/style.css within layouts/inlined_string (0.6ms)
  Rendered /home/tb/.rvm/gems/ruby-2.1.5/gems/web-console-2.1.0/lib/web_console/templates/_inner_console_markup.html within layouts/inlined_string (0.6ms)
  Rendered /home/tb/.rvm/gems/ruby-2.1.5/gems/web-console-2.1.0/lib/web_console/templates/_prompt_box_markup.html within layouts/inlined_string (0.6ms)
  Rendered /home/tb/.rvm/gems/ruby-2.1.5/gems/web-console-2.1.0/lib/web_console/templates/console.js within layouts/javascript (28.3ms)
  Rendered /home/tb/.rvm/gems/ruby-2.1.5/gems/web-console-2.1.0/lib/web_console/templates/main.js within layouts/javascript (0.6ms)
  Rendered /home/tb/.rvm/gems/ruby-2.1.5/gems/web-console-2.1.0/lib/web_console/templates/error_page.js within layouts/javascript (0.7ms)
  Rendered /home/tb/.rvm/gems/ruby-2.1.5/gems/web-console-2.1.0/lib/web_console/templates/index.html (52.2ms)


Started GET "/" for 127.0.0.1 at 2015-06-21 13:09:56 +0200

ActionController::RoutingError (uninitialized constant RootController):
  activesupport (4.2.0) lib/active_support/inflector/methods.rb:261:in `const_get'
  activesupport (4.2.0) lib/active_support/inflector/methods.rb:261:in `block in constantize'
  activesupport (4.2.0) lib/active_support/inflector/methods.rb:259:in `each'
  activesupport (4.2.0) lib/active_support/inflector/methods.rb:259:in `inject'
  activesupport (4.2.0) lib/active_support/inflector/methods.rb:259:in `constantize'
  actionpack (4.2.0) lib/action_dispatch/routing/route_set.rb:69:in `controller_reference'
  actionpack (4.2.0) lib/action_dispatch/routing/route_set.rb:59:in `controller'
  actionpack (4.2.0) lib/action_dispatch/routing/route_set.rb:38:in `serve'
  actionpack (4.2.0) lib/action_dispatch/journey/router.rb:43:in `block in serve'
  actionpack (4.2.0) lib/action_dispatch/journey/router.rb:30:in `each'
  actionpack (4.2.0) lib/action_dispatch/journey/router.rb:30:in `serve'
  actionpack (4.2.0) lib/action_dispatch/routing/route_set.rb:802:in `call'
  rack (1.6.0) lib/rack/etag.rb:24:in `call'
  rack (1.6.0) lib/rack/conditionalget.rb:25:in `call'
  rack (1.6.0) lib/rack/head.rb:13:in `call'
  actionpack (4.2.0) lib/action_dispatch/middleware/params_parser.rb:27:in `call'
  actionpack (4.2.0) lib/action_dispatch/middleware/flash.rb:260:in `call'
  rack (1.6.0) lib/rack/session/abstract/id.rb:225:in `context'
  rack (1.6.0) lib/rack/session/abstract/id.rb:220:in `call'
  actionpack (4.2.0) lib/action_dispatch/middleware/cookies.rb:560:in `call'
  activerecord (4.2.0) lib/active_record/query_cache.rb:36:in `call'
  activerecord (4.2.0) lib/active_record/connection_adapters/abstract/connection_pool.rb:647:in `call'
  activerecord (4.2.0) lib/active_record/migration.rb:378:in `call'
  actionpack (4.2.0) lib/action_dispatch/middleware/callbacks.rb:29:in `block in call'
  activesupport (4.2.0) lib/active_support/callbacks.rb:88:in `call'
  activesupport (4.2.0) lib/active_support/callbacks.rb:88:in `_run_callbacks'
  activesupport (4.2.0) lib/active_support/callbacks.rb:734:in `_run_call_callbacks'
  activesupport (4.2.0) lib/active_support/callbacks.rb:81:in `run_callbacks'
  actionpack (4.2.0) lib/action_dispatch/middleware/callbacks.rb:27:in `call'
  actionpack (4.2.0) lib/action_dispatch/middleware/reloader.rb:73:in `call'
  actionpack (4.2.0) lib/action_dispatch/middleware/remote_ip.rb:78:in `call'
  actionpack (4.2.0) lib/action_dispatch/middleware/debug_exceptions.rb:17:in `call'
  web-console (2.1.0) lib/web_console/middleware.rb:37:in `call'
  actionpack (4.2.0) lib/action_dispatch/middleware/show_exceptions.rb:30:in `call'
  railties (4.2.0) lib/rails/rack/logger.rb:38:in `call_app'
  railties (4.2.0) lib/rails/rack/logger.rb:20:in `block in call'
  activesupport (4.2.0) lib/active_support/tagged_logging.rb:68:in `block in tagged'
  activesupport (4.2.0) lib/active_support/tagged_logging.rb:26:in `tagged'
  activesupport (4.2.0) lib/active_support/tagged_logging.rb:68:in `tagged'
  railties (4.2.0) lib/rails/rack/logger.rb:20:in `call'
  actionpack (4.2.0) lib/action_dispatch/middleware/request_id.rb:21:in `call'
  rack (1.6.0) lib/rack/methodoverride.rb:22:in `call'
  rack (1.6.0) lib/rack/runtime.rb:18:in `call'
  activesupport (4.2.0) lib/active_support/cache/strategy/local_cache_middleware.rb:28:in `call'
  rack (1.6.0) lib/rack/lock.rb:17:in `call'
  actionpack (4.2.0) lib/action_dispatch/middleware/static.rb:113:in `call'
  rack (1.6.0) lib/rack/sendfile.rb:113:in `call'
  railties (4.2.0) lib/rails/engine.rb:518:in `call'
  railties (4.2.0) lib/rails/application.rb:164:in `call'
  rack (1.6.0) lib/rack/content_length.rb:15:in `call'
  thin (1.6.3) lib/thin/connection.rb:86:in `block in pre_process'
  thin (1.6.3) lib/thin/connection.rb:84:in `catch'
  thin (1.6.3) lib/thin/connection.rb:84:in `pre_process'
  thin (1.6.3) lib/thin/connection.rb:53:in `process'
  thin (1.6.3) lib/thin/connection.rb:39:in `receive_data'
  eventmachine (1.0.7) lib/eventmachine.rb:187:in `run_machine'
  eventmachine (1.0.7) lib/eventmachine.rb:187:in `run'
  thin (1.6.3) lib/thin/backends/base.rb:73:in `start'
  thin (1.6.3) lib/thin/server.rb:162:in `start'
  rack (1.6.0) lib/rack/handler/thin.rb:19:in `run'
  rack (1.6.0) lib/rack/server.rb:286:in `start'
  railties (4.2.0) lib/rails/commands/server.rb:80:in `start'
  railties (4.2.0) lib/rails/commands/commands_tasks.rb:80:in `block in server'
  railties (4.2.0) lib/rails/commands/commands_tasks.rb:75:in `tap'
  railties (4.2.0) lib/rails/commands/commands_tasks.rb:75:in `server'
  railties (4.2.0) lib/rails/commands/commands_tasks.rb:39:in `run_command!'
  railties (4.2.0) lib/rails/commands.rb:17:in `<top (required)>'
  bin/rails:8:in `require'
  bin/rails:8:in `<main>'


  Rendered /home/tb/.rvm/gems/ruby-2.1.5/gems/actionpack-4.2.0/lib/action_dispatch/middleware/templates/rescues/_trace.html.erb (2.1ms)
  Rendered /home/tb/.rvm/gems/ruby-2.1.5/gems/actionpack-4.2.0/lib/action_dispatch/middleware/templates/routes/_route.html.erb (0.8ms)
  Rendered /home/tb/.rvm/gems/ruby-2.1.5/gems/actionpack-4.2.0/lib/action_dispatch/middleware/templates/routes/_table.html.erb (1.2ms)
  Rendered /home/tb/.rvm/gems/ruby-2.1.5/gems/actionpack-4.2.0/lib/action_dispatch/middleware/templates/rescues/_request_and_response.html.erb (1.5ms)
  Rendered /home/tb/.rvm/gems/ruby-2.1.5/gems/actionpack-4.2.0/lib/action_dispatch/middleware/templates/rescues/routing_error.html.erb within rescues/layout (22.4ms)
  Rendered /home/tb/.rvm/gems/ruby-2.1.5/gems/web-console-2.1.0/lib/web_console/templates/_markup.html (0.4ms)
  Rendered /home/tb/.rvm/gems/ruby-2.1.5/gems/web-console-2.1.0/lib/web_console/templates/style.css within layouts/inlined_string (0.4ms)
  Rendered /home/tb/.rvm/gems/ruby-2.1.5/gems/web-console-2.1.0/lib/web_console/templates/_inner_console_markup.html within layouts/inlined_string (0.4ms)
  Rendered /home/tb/.rvm/gems/ruby-2.1.5/gems/web-console-2.1.0/lib/web_console/templates/_prompt_box_markup.html within layouts/inlined_string (0.3ms)
  Rendered /home/tb/.rvm/gems/ruby-2.1.5/gems/web-console-2.1.0/lib/web_console/templates/console.js within layouts/javascript (13.1ms)
  Rendered /home/tb/.rvm/gems/ruby-2.1.5/gems/web-console-2.1.0/lib/web_console/templates/main.js within layouts/javascript (0.4ms)
  Rendered /home/tb/.rvm/gems/ruby-2.1.5/gems/web-console-2.1.0/lib/web_console/templates/error_page.js within layouts/javascript (0.5ms)
  Rendered /home/tb/.rvm/gems/ruby-2.1.5/gems/web-console-2.1.0/lib/web_console/templates/index.html (28.1ms)


Started GET "/" for 127.0.0.1 at 2015-06-21 13:10:51 +0200

ActionController::RoutingError (uninitialized constant LayoutController):
  activesupport (4.2.0) lib/active_support/inflector/methods.rb:261:in `const_get'
  activesupport (4.2.0) lib/active_support/inflector/methods.rb:261:in `block in constantize'
  activesupport (4.2.0) lib/active_support/inflector/methods.rb:259:in `each'
  activesupport (4.2.0) lib/active_support/inflector/methods.rb:259:in `inject'
  activesupport (4.2.0) lib/active_support/inflector/methods.rb:259:in `constantize'
  actionpack (4.2.0) lib/action_dispatch/routing/route_set.rb:69:in `controller_reference'
  actionpack (4.2.0) lib/action_dispatch/routing/route_set.rb:59:in `controller'
  actionpack (4.2.0) lib/action_dispatch/routing/route_set.rb:38:in `serve'
  actionpack (4.2.0) lib/action_dispatch/journey/router.rb:43:in `block in serve'
  actionpack (4.2.0) lib/action_dispatch/journey/router.rb:30:in `each'
  actionpack (4.2.0) lib/action_dispatch/journey/router.rb:30:in `serve'
  actionpack (4.2.0) lib/action_dispatch/routing/route_set.rb:802:in `call'
  rack (1.6.0) lib/rack/etag.rb:24:in `call'
  rack (1.6.0) lib/rack/conditionalget.rb:25:in `call'
  rack (1.6.0) lib/rack/head.rb:13:in `call'
  actionpack (4.2.0) lib/action_dispatch/middleware/params_parser.rb:27:in `call'
  actionpack (4.2.0) lib/action_dispatch/middleware/flash.rb:260:in `call'
  rack (1.6.0) lib/rack/session/abstract/id.rb:225:in `context'
  rack (1.6.0) lib/rack/session/abstract/id.rb:220:in `call'
  actionpack (4.2.0) lib/action_dispatch/middleware/cookies.rb:560:in `call'
  activerecord (4.2.0) lib/active_record/query_cache.rb:36:in `call'
  activerecord (4.2.0) lib/active_record/connection_adapters/abstract/connection_pool.rb:647:in `call'
  activerecord (4.2.0) lib/active_record/migration.rb:378:in `call'
  actionpack (4.2.0) lib/action_dispatch/middleware/callbacks.rb:29:in `block in call'
  activesupport (4.2.0) lib/active_support/callbacks.rb:88:in `call'
  activesupport (4.2.0) lib/active_support/callbacks.rb:88:in `_run_callbacks'
  activesupport (4.2.0) lib/active_support/callbacks.rb:734:in `_run_call_callbacks'
  activesupport (4.2.0) lib/active_support/callbacks.rb:81:in `run_callbacks'
  actionpack (4.2.0) lib/action_dispatch/middleware/callbacks.rb:27:in `call'
  actionpack (4.2.0) lib/action_dispatch/middleware/reloader.rb:73:in `call'
  actionpack (4.2.0) lib/action_dispatch/middleware/remote_ip.rb:78:in `call'
  actionpack (4.2.0) lib/action_dispatch/middleware/debug_exceptions.rb:17:in `call'
  web-console (2.1.0) lib/web_console/middleware.rb:37:in `call'
  actionpack (4.2.0) lib/action_dispatch/middleware/show_exceptions.rb:30:in `call'
  railties (4.2.0) lib/rails/rack/logger.rb:38:in `call_app'
  railties (4.2.0) lib/rails/rack/logger.rb:20:in `block in call'
  activesupport (4.2.0) lib/active_support/tagged_logging.rb:68:in `block in tagged'
  activesupport (4.2.0) lib/active_support/tagged_logging.rb:26:in `tagged'
  activesupport (4.2.0) lib/active_support/tagged_logging.rb:68:in `tagged'
  railties (4.2.0) lib/rails/rack/logger.rb:20:in `call'
  actionpack (4.2.0) lib/action_dispatch/middleware/request_id.rb:21:in `call'
  rack (1.6.0) lib/rack/methodoverride.rb:22:in `call'
  rack (1.6.0) lib/rack/runtime.rb:18:in `call'
  activesupport (4.2.0) lib/active_support/cache/strategy/local_cache_middleware.rb:28:in `call'
  rack (1.6.0) lib/rack/lock.rb:17:in `call'
  actionpack (4.2.0) lib/action_dispatch/middleware/static.rb:113:in `call'
  rack (1.6.0) lib/rack/sendfile.rb:113:in `call'
  railties (4.2.0) lib/rails/engine.rb:518:in `call'
  railties (4.2.0) lib/rails/application.rb:164:in `call'
  rack (1.6.0) lib/rack/content_length.rb:15:in `call'
  thin (1.6.3) lib/thin/connection.rb:86:in `block in pre_process'
  thin (1.6.3) lib/thin/connection.rb:84:in `catch'
  thin (1.6.3) lib/thin/connection.rb:84:in `pre_process'
  thin (1.6.3) lib/thin/connection.rb:53:in `process'
  thin (1.6.3) lib/thin/connection.rb:39:in `receive_data'
  eventmachine (1.0.7) lib/eventmachine.rb:187:in `run_machine'
  eventmachine (1.0.7) lib/eventmachine.rb:187:in `run'
  thin (1.6.3) lib/thin/backends/base.rb:73:in `start'
  thin (1.6.3) lib/thin/server.rb:162:in `start'
  rack (1.6.0) lib/rack/handler/thin.rb:19:in `run'
  rack (1.6.0) lib/rack/server.rb:286:in `start'
  railties (4.2.0) lib/rails/commands/server.rb:80:in `start'
  railties (4.2.0) lib/rails/commands/commands_tasks.rb:80:in `block in server'
  railties (4.2.0) lib/rails/commands/commands_tasks.rb:75:in `tap'
  railties (4.2.0) lib/rails/commands/commands_tasks.rb:75:in `server'
  railties (4.2.0) lib/rails/commands/commands_tasks.rb:39:in `run_command!'
  railties (4.2.0) lib/rails/commands.rb:17:in `<top (required)>'
  bin/rails:8:in `require'
  bin/rails:8:in `<main>'


  Rendered /home/tb/.rvm/gems/ruby-2.1.5/gems/actionpack-4.2.0/lib/action_dispatch/middleware/templates/rescues/_trace.html.erb (2.3ms)
  Rendered /home/tb/.rvm/gems/ruby-2.1.5/gems/actionpack-4.2.0/lib/action_dispatch/middleware/templates/routes/_route.html.erb (0.9ms)
  Rendered /home/tb/.rvm/gems/ruby-2.1.5/gems/actionpack-4.2.0/lib/action_dispatch/middleware/templates/routes/_table.html.erb (1.7ms)
  Rendered /home/tb/.rvm/gems/ruby-2.1.5/gems/actionpack-4.2.0/lib/action_dispatch/middleware/templates/rescues/_request_and_response.html.erb (1.5ms)
  Rendered /home/tb/.rvm/gems/ruby-2.1.5/gems/actionpack-4.2.0/lib/action_dispatch/middleware/templates/rescues/routing_error.html.erb within rescues/layout (21.8ms)
  Rendered /home/tb/.rvm/gems/ruby-2.1.5/gems/web-console-2.1.0/lib/web_console/templates/_markup.html (0.5ms)
  Rendered /home/tb/.rvm/gems/ruby-2.1.5/gems/web-console-2.1.0/lib/web_console/templates/style.css within layouts/inlined_string (0.4ms)
  Rendered /home/tb/.rvm/gems/ruby-2.1.5/gems/web-console-2.1.0/lib/web_console/templates/_inner_console_markup.html within layouts/inlined_string (0.4ms)
  Rendered /home/tb/.rvm/gems/ruby-2.1.5/gems/web-console-2.1.0/lib/web_console/templates/_prompt_box_markup.html within layouts/inlined_string (0.5ms)
  Rendered /home/tb/.rvm/gems/ruby-2.1.5/gems/web-console-2.1.0/lib/web_console/templates/console.js within layouts/javascript (14.3ms)
  Rendered /home/tb/.rvm/gems/ruby-2.1.5/gems/web-console-2.1.0/lib/web_console/templates/main.js within layouts/javascript (0.4ms)
  Rendered /home/tb/.rvm/gems/ruby-2.1.5/gems/web-console-2.1.0/lib/web_console/templates/error_page.js within layouts/javascript (0.5ms)
  Rendered /home/tb/.rvm/gems/ruby-2.1.5/gems/web-console-2.1.0/lib/web_console/templates/index.html (31.0ms)


Started GET "/" for 127.0.0.1 at 2015-06-21 13:10:56 +0200

ActionController::RoutingError (uninitialized constant LayoutController):
  activesupport (4.2.0) lib/active_support/inflector/methods.rb:261:in `const_get'
  activesupport (4.2.0) lib/active_support/inflector/methods.rb:261:in `block in constantize'
  activesupport (4.2.0) lib/active_support/inflector/methods.rb:259:in `each'
  activesupport (4.2.0) lib/active_support/inflector/methods.rb:259:in `inject'
  activesupport (4.2.0) lib/active_support/inflector/methods.rb:259:in `constantize'
  actionpack (4.2.0) lib/action_dispatch/routing/route_set.rb:69:in `controller_reference'
  actionpack (4.2.0) lib/action_dispatch/routing/route_set.rb:59:in `controller'
  actionpack (4.2.0) lib/action_dispatch/routing/route_set.rb:38:in `serve'
  actionpack (4.2.0) lib/action_dispatch/journey/router.rb:43:in `block in serve'
  actionpack (4.2.0) lib/action_dispatch/journey/router.rb:30:in `each'
  actionpack (4.2.0) lib/action_dispatch/journey/router.rb:30:in `serve'
  actionpack (4.2.0) lib/action_dispatch/routing/route_set.rb:802:in `call'
  rack (1.6.0) lib/rack/etag.rb:24:in `call'
  rack (1.6.0) lib/rack/conditionalget.rb:25:in `call'
  rack (1.6.0) lib/rack/head.rb:13:in `call'
  actionpack (4.2.0) lib/action_dispatch/middleware/params_parser.rb:27:in `call'
  actionpack (4.2.0) lib/action_dispatch/middleware/flash.rb:260:in `call'
  rack (1.6.0) lib/rack/session/abstract/id.rb:225:in `context'
  rack (1.6.0) lib/rack/session/abstract/id.rb:220:in `call'
  actionpack (4.2.0) lib/action_dispatch/middleware/cookies.rb:560:in `call'
  activerecord (4.2.0) lib/active_record/query_cache.rb:36:in `call'
  activerecord (4.2.0) lib/active_record/connection_adapters/abstract/connection_pool.rb:647:in `call'
  activerecord (4.2.0) lib/active_record/migration.rb:378:in `call'
  actionpack (4.2.0) lib/action_dispatch/middleware/callbacks.rb:29:in `block in call'
  activesupport (4.2.0) lib/active_support/callbacks.rb:88:in `call'
  activesupport (4.2.0) lib/active_support/callbacks.rb:88:in `_run_callbacks'
  activesupport (4.2.0) lib/active_support/callbacks.rb:734:in `_run_call_callbacks'
  activesupport (4.2.0) lib/active_support/callbacks.rb:81:in `run_callbacks'
  actionpack (4.2.0) lib/action_dispatch/middleware/callbacks.rb:27:in `call'
  actionpack (4.2.0) lib/action_dispatch/middleware/reloader.rb:73:in `call'
  actionpack (4.2.0) lib/action_dispatch/middleware/remote_ip.rb:78:in `call'
  actionpack (4.2.0) lib/action_dispatch/middleware/debug_exceptions.rb:17:in `call'
  web-console (2.1.0) lib/web_console/middleware.rb:37:in `call'
  actionpack (4.2.0) lib/action_dispatch/middleware/show_exceptions.rb:30:in `call'
  railties (4.2.0) lib/rails/rack/logger.rb:38:in `call_app'
  railties (4.2.0) lib/rails/rack/logger.rb:20:in `block in call'
  activesupport (4.2.0) lib/active_support/tagged_logging.rb:68:in `block in tagged'
  activesupport (4.2.0) lib/active_support/tagged_logging.rb:26:in `tagged'
  activesupport (4.2.0) lib/active_support/tagged_logging.rb:68:in `tagged'
  railties (4.2.0) lib/rails/rack/logger.rb:20:in `call'
  actionpack (4.2.0) lib/action_dispatch/middleware/request_id.rb:21:in `call'
  rack (1.6.0) lib/rack/methodoverride.rb:22:in `call'
  rack (1.6.0) lib/rack/runtime.rb:18:in `call'
  activesupport (4.2.0) lib/active_support/cache/strategy/local_cache_middleware.rb:28:in `call'
  rack (1.6.0) lib/rack/lock.rb:17:in `call'
  actionpack (4.2.0) lib/action_dispatch/middleware/static.rb:113:in `call'
  rack (1.6.0) lib/rack/sendfile.rb:113:in `call'
  railties (4.2.0) lib/rails/engine.rb:518:in `call'
  railties (4.2.0) lib/rails/application.rb:164:in `call'
  rack (1.6.0) lib/rack/content_length.rb:15:in `call'
  thin (1.6.3) lib/thin/connection.rb:86:in `block in pre_process'
  thin (1.6.3) lib/thin/connection.rb:84:in `catch'
  thin (1.6.3) lib/thin/connection.rb:84:in `pre_process'
  thin (1.6.3) lib/thin/connection.rb:53:in `process'
  thin (1.6.3) lib/thin/connection.rb:39:in `receive_data'
  eventmachine (1.0.7) lib/eventmachine.rb:187:in `run_machine'
  eventmachine (1.0.7) lib/eventmachine.rb:187:in `run'
  thin (1.6.3) lib/thin/backends/base.rb:73:in `start'
  thin (1.6.3) lib/thin/server.rb:162:in `start'
  rack (1.6.0) lib/rack/handler/thin.rb:19:in `run'
  rack (1.6.0) lib/rack/server.rb:286:in `start'
  railties (4.2.0) lib/rails/commands/server.rb:80:in `start'
  railties (4.2.0) lib/rails/commands/commands_tasks.rb:80:in `block in server'
  railties (4.2.0) lib/rails/commands/commands_tasks.rb:75:in `tap'
  railties (4.2.0) lib/rails/commands/commands_tasks.rb:75:in `server'
  railties (4.2.0) lib/rails/commands/commands_tasks.rb:39:in `run_command!'
  railties (4.2.0) lib/rails/commands.rb:17:in `<top (required)>'
  bin/rails:8:in `require'
  bin/rails:8:in `<main>'


  Rendered /home/tb/.rvm/gems/ruby-2.1.5/gems/actionpack-4.2.0/lib/action_dispatch/middleware/templates/rescues/_trace.html.erb (2.3ms)
  Rendered /home/tb/.rvm/gems/ruby-2.1.5/gems/actionpack-4.2.0/lib/action_dispatch/middleware/templates/routes/_route.html.erb (0.9ms)
  Rendered /home/tb/.rvm/gems/ruby-2.1.5/gems/actionpack-4.2.0/lib/action_dispatch/middleware/templates/routes/_table.html.erb (3.3ms)
  Rendered /home/tb/.rvm/gems/ruby-2.1.5/gems/actionpack-4.2.0/lib/action_dispatch/middleware/templates/rescues/_request_and_response.html.erb (9.1ms)
  Rendered /home/tb/.rvm/gems/ruby-2.1.5/gems/actionpack-4.2.0/lib/action_dispatch/middleware/templates/rescues/routing_error.html.erb within rescues/layout (33.9ms)
  Rendered /home/tb/.rvm/gems/ruby-2.1.5/gems/web-console-2.1.0/lib/web_console/templates/_markup.html (0.5ms)
  Rendered /home/tb/.rvm/gems/ruby-2.1.5/gems/web-console-2.1.0/lib/web_console/templates/style.css within layouts/inlined_string (0.4ms)
  Rendered /home/tb/.rvm/gems/ruby-2.1.5/gems/web-console-2.1.0/lib/web_console/templates/_inner_console_markup.html within layouts/inlined_string (0.3ms)
  Rendered /home/tb/.rvm/gems/ruby-2.1.5/gems/web-console-2.1.0/lib/web_console/templates/_prompt_box_markup.html within layouts/inlined_string (0.3ms)
  Rendered /home/tb/.rvm/gems/ruby-2.1.5/gems/web-console-2.1.0/lib/web_console/templates/console.js within layouts/javascript (13.2ms)
  Rendered /home/tb/.rvm/gems/ruby-2.1.5/gems/web-console-2.1.0/lib/web_console/templates/main.js within layouts/javascript (0.3ms)
  Rendered /home/tb/.rvm/gems/ruby-2.1.5/gems/web-console-2.1.0/lib/web_console/templates/error_page.js within layouts/javascript (0.5ms)
  Rendered /home/tb/.rvm/gems/ruby-2.1.5/gems/web-console-2.1.0/lib/web_console/templates/index.html (27.9ms)


Started GET "/" for 127.0.0.1 at 2015-06-21 13:10:57 +0200

ActionController::RoutingError (uninitialized constant LayoutController):
  activesupport (4.2.0) lib/active_support/inflector/methods.rb:261:in `const_get'
  activesupport (4.2.0) lib/active_support/inflector/methods.rb:261:in `block in constantize'
  activesupport (4.2.0) lib/active_support/inflector/methods.rb:259:in `each'
  activesupport (4.2.0) lib/active_support/inflector/methods.rb:259:in `inject'
  activesupport (4.2.0) lib/active_support/inflector/methods.rb:259:in `constantize'
  actionpack (4.2.0) lib/action_dispatch/routing/route_set.rb:69:in `controller_reference'
  actionpack (4.2.0) lib/action_dispatch/routing/route_set.rb:59:in `controller'
  actionpack (4.2.0) lib/action_dispatch/routing/route_set.rb:38:in `serve'
  actionpack (4.2.0) lib/action_dispatch/journey/router.rb:43:in `block in serve'
  actionpack (4.2.0) lib/action_dispatch/journey/router.rb:30:in `each'
  actionpack (4.2.0) lib/action_dispatch/journey/router.rb:30:in `serve'
  actionpack (4.2.0) lib/action_dispatch/routing/route_set.rb:802:in `call'
  rack (1.6.0) lib/rack/etag.rb:24:in `call'
  rack (1.6.0) lib/rack/conditionalget.rb:25:in `call'
  rack (1.6.0) lib/rack/head.rb:13:in `call'
  actionpack (4.2.0) lib/action_dispatch/middleware/params_parser.rb:27:in `call'
  actionpack (4.2.0) lib/action_dispatch/middleware/flash.rb:260:in `call'
  rack (1.6.0) lib/rack/session/abstract/id.rb:225:in `context'
  rack (1.6.0) lib/rack/session/abstract/id.rb:220:in `call'
  actionpack (4.2.0) lib/action_dispatch/middleware/cookies.rb:560:in `call'
  activerecord (4.2.0) lib/active_record/query_cache.rb:36:in `call'
  activerecord (4.2.0) lib/active_record/connection_adapters/abstract/connection_pool.rb:647:in `call'
  activerecord (4.2.0) lib/active_record/migration.rb:378:in `call'
  actionpack (4.2.0) lib/action_dispatch/middleware/callbacks.rb:29:in `block in call'
  activesupport (4.2.0) lib/active_support/callbacks.rb:88:in `call'
  activesupport (4.2.0) lib/active_support/callbacks.rb:88:in `_run_callbacks'
  activesupport (4.2.0) lib/active_support/callbacks.rb:734:in `_run_call_callbacks'
  activesupport (4.2.0) lib/active_support/callbacks.rb:81:in `run_callbacks'
  actionpack (4.2.0) lib/action_dispatch/middleware/callbacks.rb:27:in `call'
  actionpack (4.2.0) lib/action_dispatch/middleware/reloader.rb:73:in `call'
  actionpack (4.2.0) lib/action_dispatch/middleware/remote_ip.rb:78:in `call'
  actionpack (4.2.0) lib/action_dispatch/middleware/debug_exceptions.rb:17:in `call'
  web-console (2.1.0) lib/web_console/middleware.rb:37:in `call'
  actionpack (4.2.0) lib/action_dispatch/middleware/show_exceptions.rb:30:in `call'
  railties (4.2.0) lib/rails/rack/logger.rb:38:in `call_app'
  railties (4.2.0) lib/rails/rack/logger.rb:20:in `block in call'
  activesupport (4.2.0) lib/active_support/tagged_logging.rb:68:in `block in tagged'
  activesupport (4.2.0) lib/active_support/tagged_logging.rb:26:in `tagged'
  activesupport (4.2.0) lib/active_support/tagged_logging.rb:68:in `tagged'
  railties (4.2.0) lib/rails/rack/logger.rb:20:in `call'
  actionpack (4.2.0) lib/action_dispatch/middleware/request_id.rb:21:in `call'
  rack (1.6.0) lib/rack/methodoverride.rb:22:in `call'
  rack (1.6.0) lib/rack/runtime.rb:18:in `call'
  activesupport (4.2.0) lib/active_support/cache/strategy/local_cache_middleware.rb:28:in `call'
  rack (1.6.0) lib/rack/lock.rb:17:in `call'
  actionpack (4.2.0) lib/action_dispatch/middleware/static.rb:113:in `call'
  rack (1.6.0) lib/rack/sendfile.rb:113:in `call'
  railties (4.2.0) lib/rails/engine.rb:518:in `call'
  railties (4.2.0) lib/rails/application.rb:164:in `call'
  rack (1.6.0) lib/rack/content_length.rb:15:in `call'
  thin (1.6.3) lib/thin/connection.rb:86:in `block in pre_process'
  thin (1.6.3) lib/thin/connection.rb:84:in `catch'
  thin (1.6.3) lib/thin/connection.rb:84:in `pre_process'
  thin (1.6.3) lib/thin/connection.rb:53:in `process'
  thin (1.6.3) lib/thin/connection.rb:39:in `receive_data'
  eventmachine (1.0.7) lib/eventmachine.rb:187:in `run_machine'
  eventmachine (1.0.7) lib/eventmachine.rb:187:in `run'
  thin (1.6.3) lib/thin/backends/base.rb:73:in `start'
  thin (1.6.3) lib/thin/server.rb:162:in `start'
  rack (1.6.0) lib/rack/handler/thin.rb:19:in `run'
  rack (1.6.0) lib/rack/server.rb:286:in `start'
  railties (4.2.0) lib/rails/commands/server.rb:80:in `start'
  railties (4.2.0) lib/rails/commands/commands_tasks.rb:80:in `block in server'
  railties (4.2.0) lib/rails/commands/commands_tasks.rb:75:in `tap'
  railties (4.2.0) lib/rails/commands/commands_tasks.rb:75:in `server'
  railties (4.2.0) lib/rails/commands/commands_tasks.rb:39:in `run_command!'
  railties (4.2.0) lib/rails/commands.rb:17:in `<top (required)>'
  bin/rails:8:in `require'
  bin/rails:8:in `<main>'


  Rendered /home/tb/.rvm/gems/ruby-2.1.5/gems/actionpack-4.2.0/lib/action_dispatch/middleware/templates/rescues/_trace.html.erb (1.9ms)
  Rendered /home/tb/.rvm/gems/ruby-2.1.5/gems/actionpack-4.2.0/lib/action_dispatch/middleware/templates/routes/_route.html.erb (0.6ms)
  Rendered /home/tb/.rvm/gems/ruby-2.1.5/gems/actionpack-4.2.0/lib/action_dispatch/middleware/templates/routes/_table.html.erb (1.2ms)
  Rendered /home/tb/.rvm/gems/ruby-2.1.5/gems/actionpack-4.2.0/lib/action_dispatch/middleware/templates/rescues/_request_and_response.html.erb (1.5ms)
  Rendered /home/tb/.rvm/gems/ruby-2.1.5/gems/actionpack-4.2.0/lib/action_dispatch/middleware/templates/rescues/routing_error.html.erb within rescues/layout (19.7ms)
  Rendered /home/tb/.rvm/gems/ruby-2.1.5/gems/web-console-2.1.0/lib/web_console/templates/_markup.html (0.3ms)
  Rendered /home/tb/.rvm/gems/ruby-2.1.5/gems/web-console-2.1.0/lib/web_console/templates/style.css within layouts/inlined_string (0.4ms)
  Rendered /home/tb/.rvm/gems/ruby-2.1.5/gems/web-console-2.1.0/lib/web_console/templates/_inner_console_markup.html within layouts/inlined_string (0.2ms)
  Rendered /home/tb/.rvm/gems/ruby-2.1.5/gems/web-console-2.1.0/lib/web_console/templates/_prompt_box_markup.html within layouts/inlined_string (0.2ms)
  Rendered /home/tb/.rvm/gems/ruby-2.1.5/gems/web-console-2.1.0/lib/web_console/templates/console.js within layouts/javascript (12.3ms)
  Rendered /home/tb/.rvm/gems/ruby-2.1.5/gems/web-console-2.1.0/lib/web_console/templates/main.js within layouts/javascript (0.2ms)
  Rendered /home/tb/.rvm/gems/ruby-2.1.5/gems/web-console-2.1.0/lib/web_console/templates/error_page.js within layouts/javascript (0.3ms)
  Rendered /home/tb/.rvm/gems/ruby-2.1.5/gems/web-console-2.1.0/lib/web_console/templates/index.html (25.4ms)


Started GET "/" for 127.0.0.1 at 2015-06-21 13:11:17 +0200

LoadError (Unable to autoload constant LayoutController, expected /home/tb/dev/wf-rails/app/controllers/layout_controller.rb to define it):
  activesupport (4.2.0) lib/active_support/dependencies.rb:495:in `load_missing_constant'
  activesupport (4.2.0) lib/active_support/dependencies.rb:184:in `const_missing'
  activesupport (4.2.0) lib/active_support/inflector/methods.rb:261:in `const_get'
  activesupport (4.2.0) lib/active_support/inflector/methods.rb:261:in `block in constantize'
  activesupport (4.2.0) lib/active_support/inflector/methods.rb:259:in `each'
  activesupport (4.2.0) lib/active_support/inflector/methods.rb:259:in `inject'
  activesupport (4.2.0) lib/active_support/inflector/methods.rb:259:in `constantize'
  activesupport (4.2.0) lib/active_support/dependencies.rb:566:in `get'
  activesupport (4.2.0) lib/active_support/dependencies.rb:597:in `constantize'
  actionpack (4.2.0) lib/action_dispatch/routing/route_set.rb:69:in `controller_reference'
  actionpack (4.2.0) lib/action_dispatch/routing/route_set.rb:59:in `controller'
  actionpack (4.2.0) lib/action_dispatch/routing/route_set.rb:38:in `serve'
  actionpack (4.2.0) lib/action_dispatch/journey/router.rb:43:in `block in serve'
  actionpack (4.2.0) lib/action_dispatch/journey/router.rb:30:in `each'
  actionpack (4.2.0) lib/action_dispatch/journey/router.rb:30:in `serve'
  actionpack (4.2.0) lib/action_dispatch/routing/route_set.rb:802:in `call'
  rack (1.6.0) lib/rack/etag.rb:24:in `call'
  rack (1.6.0) lib/rack/conditionalget.rb:25:in `call'
  rack (1.6.0) lib/rack/head.rb:13:in `call'
  actionpack (4.2.0) lib/action_dispatch/middleware/params_parser.rb:27:in `call'
  actionpack (4.2.0) lib/action_dispatch/middleware/flash.rb:260:in `call'
  rack (1.6.0) lib/rack/session/abstract/id.rb:225:in `context'
  rack (1.6.0) lib/rack/session/abstract/id.rb:220:in `call'
  actionpack (4.2.0) lib/action_dispatch/middleware/cookies.rb:560:in `call'
  activerecord (4.2.0) lib/active_record/query_cache.rb:36:in `call'
  activerecord (4.2.0) lib/active_record/connection_adapters/abstract/connection_pool.rb:647:in `call'
  activerecord (4.2.0) lib/active_record/migration.rb:378:in `call'
  actionpack (4.2.0) lib/action_dispatch/middleware/callbacks.rb:29:in `block in call'
  activesupport (4.2.0) lib/active_support/callbacks.rb:88:in `call'
  activesupport (4.2.0) lib/active_support/callbacks.rb:88:in `_run_callbacks'
  activesupport (4.2.0) lib/active_support/callbacks.rb:734:in `_run_call_callbacks'
  activesupport (4.2.0) lib/active_support/callbacks.rb:81:in `run_callbacks'
  actionpack (4.2.0) lib/action_dispatch/middleware/callbacks.rb:27:in `call'
  actionpack (4.2.0) lib/action_dispatch/middleware/reloader.rb:73:in `call'
  actionpack (4.2.0) lib/action_dispatch/middleware/remote_ip.rb:78:in `call'
  actionpack (4.2.0) lib/action_dispatch/middleware/debug_exceptions.rb:17:in `call'
  web-console (2.1.0) lib/web_console/middleware.rb:37:in `call'
  actionpack (4.2.0) lib/action_dispatch/middleware/show_exceptions.rb:30:in `call'
  railties (4.2.0) lib/rails/rack/logger.rb:38:in `call_app'
  railties (4.2.0) lib/rails/rack/logger.rb:20:in `block in call'
  activesupport (4.2.0) lib/active_support/tagged_logging.rb:68:in `block in tagged'
  activesupport (4.2.0) lib/active_support/tagged_logging.rb:26:in `tagged'
  activesupport (4.2.0) lib/active_support/tagged_logging.rb:68:in `tagged'
  railties (4.2.0) lib/rails/rack/logger.rb:20:in `call'
  actionpack (4.2.0) lib/action_dispatch/middleware/request_id.rb:21:in `call'
  rack (1.6.0) lib/rack/methodoverride.rb:22:in `call'
  rack (1.6.0) lib/rack/runtime.rb:18:in `call'
  activesupport (4.2.0) lib/active_support/cache/strategy/local_cache_middleware.rb:28:in `call'
  rack (1.6.0) lib/rack/lock.rb:17:in `call'
  actionpack (4.2.0) lib/action_dispatch/middleware/static.rb:113:in `call'
  rack (1.6.0) lib/rack/sendfile.rb:113:in `call'
  railties (4.2.0) lib/rails/engine.rb:518:in `call'
  railties (4.2.0) lib/rails/application.rb:164:in `call'
  rack (1.6.0) lib/rack/content_length.rb:15:in `call'
  thin (1.6.3) lib/thin/connection.rb:86:in `block in pre_process'
  thin (1.6.3) lib/thin/connection.rb:84:in `catch'
  thin (1.6.3) lib/thin/connection.rb:84:in `pre_process'
  thin (1.6.3) lib/thin/connection.rb:53:in `process'
  thin (1.6.3) lib/thin/connection.rb:39:in `receive_data'
  eventmachine (1.0.7) lib/eventmachine.rb:187:in `run_machine'
  eventmachine (1.0.7) lib/eventmachine.rb:187:in `run'
  thin (1.6.3) lib/thin/backends/base.rb:73:in `start'
  thin (1.6.3) lib/thin/server.rb:162:in `start'
  rack (1.6.0) lib/rack/handler/thin.rb:19:in `run'
  rack (1.6.0) lib/rack/server.rb:286:in `start'
  railties (4.2.0) lib/rails/commands/server.rb:80:in `start'
  railties (4.2.0) lib/rails/commands/commands_tasks.rb:80:in `block in server'
  railties (4.2.0) lib/rails/commands/commands_tasks.rb:75:in `tap'
  railties (4.2.0) lib/rails/commands/commands_tasks.rb:75:in `server'
  railties (4.2.0) lib/rails/commands/commands_tasks.rb:39:in `run_command!'
  railties (4.2.0) lib/rails/commands.rb:17:in `<top (required)>'
  bin/rails:8:in `require'
  bin/rails:8:in `<main>'


  Rendered /home/tb/.rvm/gems/ruby-2.1.5/gems/actionpack-4.2.0/lib/action_dispatch/middleware/templates/rescues/_source.erb (6.0ms)
  Rendered /home/tb/.rvm/gems/ruby-2.1.5/gems/actionpack-4.2.0/lib/action_dispatch/middleware/templates/rescues/_trace.html.erb (2.6ms)
  Rendered /home/tb/.rvm/gems/ruby-2.1.5/gems/actionpack-4.2.0/lib/action_dispatch/middleware/templates/rescues/_request_and_response.html.erb (1.2ms)
  Rendered /home/tb/.rvm/gems/ruby-2.1.5/gems/actionpack-4.2.0/lib/action_dispatch/middleware/templates/rescues/diagnostics.html.erb within rescues/layout (26.7ms)
  Rendered /home/tb/.rvm/gems/ruby-2.1.5/gems/web-console-2.1.0/lib/web_console/templates/_markup.html (0.4ms)
  Rendered /home/tb/.rvm/gems/ruby-2.1.5/gems/web-console-2.1.0/lib/web_console/templates/style.css within layouts/inlined_string (0.4ms)
  Rendered /home/tb/.rvm/gems/ruby-2.1.5/gems/web-console-2.1.0/lib/web_console/templates/_inner_console_markup.html within layouts/inlined_string (0.4ms)
  Rendered /home/tb/.rvm/gems/ruby-2.1.5/gems/web-console-2.1.0/lib/web_console/templates/_prompt_box_markup.html within layouts/inlined_string (0.4ms)
  Rendered /home/tb/.rvm/gems/ruby-2.1.5/gems/web-console-2.1.0/lib/web_console/templates/console.js within layouts/javascript (13.6ms)
  Rendered /home/tb/.rvm/gems/ruby-2.1.5/gems/web-console-2.1.0/lib/web_console/templates/main.js within layouts/javascript (0.3ms)
  Rendered /home/tb/.rvm/gems/ruby-2.1.5/gems/web-console-2.1.0/lib/web_console/templates/error_page.js within layouts/javascript (0.5ms)
  Rendered /home/tb/.rvm/gems/ruby-2.1.5/gems/web-console-2.1.0/lib/web_console/templates/index.html (28.9ms)


Started GET "/" for 127.0.0.1 at 2015-06-21 13:11:50 +0200
Processing by LayoutController#index as HTML
  Rendered layout/index.haml (0.9ms)
Completed 200 OK in 7ms (Views: 6.3ms | ActiveRecord: 0.0ms)


Started GET "/" for 127.0.0.1 at 2015-06-21 13:12:03 +0200
Processing by LayoutController#index as HTML
  Rendered layout/index.haml (1.3ms)
Completed 200 OK in 3ms (Views: 3.0ms | ActiveRecord: 0.0ms)


Started GET "/" for 127.0.0.1 at 2015-06-21 13:22:47 +0200
Processing by LayoutController#index as HTML
  Rendered layout/index.haml (12.6ms)
Completed 500 Internal Server Error in 17ms

ActionView::Template::Error (undefined method `user_signed_in?' for #<#<Class:0x00000007302d28>:0x0000000730b478>):
    4:     %meta{ charset: 'utf-8' }
    5:     %meta{ content: 'width=device-width, initial-scale=1.0, maximum-scale=1.0, user-scalable=no', name: 'viewport' }
    6:     %meta{ content: 'IE=Edge,chrome=1', 'http-equiv' => 'X-UA-Compatible' }
    7:     %meta{ content: (user_signed_in? && current_user.demo?).to_s, name: 'demo-user' }
    8:     %meta{ content: 'index,follow', name: 'robots' }
    9:     %meta{ content: content_for?(:keywords) ? yield(:keywords) : 'YouTube,Manage,Promote,Monetize,Strike,Social,TrueView,True,View,Platform', name: 'keywords' }
   10:     %title= content_for?(:title) ? yield(:title) : 'Strike/Social'
  app/views/layout/index.haml:7:in `_app_views_layout_index_haml__1438935924539984075_60313900'


  Rendered /home/tb/.rvm/gems/ruby-2.1.5/gems/actionpack-4.2.0/lib/action_dispatch/middleware/templates/rescues/_source.erb (15.5ms)
  Rendered /home/tb/.rvm/gems/ruby-2.1.5/gems/actionpack-4.2.0/lib/action_dispatch/middleware/templates/rescues/_trace.html.erb (3.6ms)
  Rendered /home/tb/.rvm/gems/ruby-2.1.5/gems/actionpack-4.2.0/lib/action_dispatch/middleware/templates/rescues/_request_and_response.html.erb (1.5ms)
  Rendered /home/tb/.rvm/gems/ruby-2.1.5/gems/actionpack-4.2.0/lib/action_dispatch/middleware/templates/rescues/template_error.html.erb within rescues/layout (32.1ms)
  Rendered /home/tb/.rvm/gems/ruby-2.1.5/gems/web-console-2.1.0/lib/web_console/templates/_markup.html (0.5ms)
  Rendered /home/tb/.rvm/gems/ruby-2.1.5/gems/web-console-2.1.0/lib/web_console/templates/style.css within layouts/inlined_string (0.4ms)
  Rendered /home/tb/.rvm/gems/ruby-2.1.5/gems/web-console-2.1.0/lib/web_console/templates/_inner_console_markup.html within layouts/inlined_string (0.4ms)
  Rendered /home/tb/.rvm/gems/ruby-2.1.5/gems/web-console-2.1.0/lib/web_console/templates/_prompt_box_markup.html within layouts/inlined_string (0.4ms)
  Rendered /home/tb/.rvm/gems/ruby-2.1.5/gems/web-console-2.1.0/lib/web_console/templates/console.js within layouts/javascript (13.8ms)
  Rendered /home/tb/.rvm/gems/ruby-2.1.5/gems/web-console-2.1.0/lib/web_console/templates/main.js within layouts/javascript (0.5ms)
  Rendered /home/tb/.rvm/gems/ruby-2.1.5/gems/web-console-2.1.0/lib/web_console/templates/error_page.js within layouts/javascript (0.5ms)
  Rendered /home/tb/.rvm/gems/ruby-2.1.5/gems/web-console-2.1.0/lib/web_console/templates/index.html (29.4ms)


Started GET "/" for 127.0.0.1 at 2015-06-21 13:27:13 +0200
Processing by LayoutController#index as HTML
  Rendered layout/index.haml (5.5ms)
Completed 500 Internal Server Error in 8ms

SyntaxError (/home/tb/dev/wf-rails/app/views/layout/index.haml:8: syntax error, unexpected ':', expecting ')'
...lse_true_false((yield(:title) : 'WF/Designer'
...                               ^
/home/tb/dev/wf-rails/app/views/layout/index.haml:9: syntax error, unexpected ':', expecting ')'
...{}, nil,  yield(:description) : 'Workflow Designer', name: '...
...                               ^
/home/tb/dev/wf-rails/app/views/layout/index.haml:9: syntax error, unexpected ',', expecting tSTRING_DEND
...ription) : 'Workflow Designer', name: 'description' )}>\n   ...
...                               ^
/home/tb/dev/wf-rails/app/views/layout/index.haml:9: syntax error, unexpected ')', expecting tSTRING_DEND
...esigner', name: 'description' )}>\n    <link#{
...                               ^
/home/tb/dev/wf-rails/app/views/layout/index.haml:10: syntax error, unexpected tSTRING_DEND, expecting '}'
_hamlout.attributes({}, nil,  href: '/favicon.ico',...
                      ^
/home/tb/dev/wf-rails/app/views/layout/index.haml:10: Can't assign to nil
_hamlout.attributes({}, nil,  href: '/favicon.ico', rel: ...
                            ^
/home/tb/dev/wf-rails/app/views/layout/index.haml:10: syntax error, unexpected ',', expecting tSTRING_DEND
...{}, nil,  href: '/favicon.ico', rel: 'shortcut icon' )}>\n  ...
...                               ^
/home/tb/dev/wf-rails/app/views/layout/index.haml:10: syntax error, unexpected ')', expecting tSTRING_DEND
...on.ico', rel: 'shortcut icon' )}>\n    #{
...                               ^
/home/tb/dev/wf-rails/app/views/layout/index.haml:12: syntax error, unexpected '}', expecting tSTRING_DEND
));}\n    #{_hamlout.format_scrip...
    ^
/home/tb/dev/wf-rails/app/views/layout/index.haml:13: syntax error, unexpected ']', expecting keyword_then or ';' or '\n'
));}\n    <!--[if lt IE 9]>\n      <!-- Le HTML5 shim, ...
                          ^
/home/tb/dev/wf-rails/app/views/layout/index.haml:13: syntax error, unexpected tCONSTANT, expecting keyword_do or '{' or '('
... lt IE 9]>\n      <!-- Le HTML5 shim, for IE6-8 support of H...
...                               ^
/home/tb/dev/wf-rails/app/views/layout/index.haml:13: syntax error, unexpected '-', expecting :: or '[' or '.'
...   <!-- Le HTML5 shim, for IE6-8 support of HTML elements --...
...                               ^
/home/tb/dev/wf-rails/app/views/layout/index.haml:13: syntax error, unexpected $undefined, expecting keyword_do_LAMBDA or tLAMBEG
...8 support of HTML elements -->\n      <script#{_hamlout.adju...
...                               ^
/home/tb/dev/wf-rails/app/views/layout/index.haml:16: syntax error, unexpected '}', expecting tSTRING_DEND
...js', type: 'text/javascript' )}></script>\n    <![endif]-->\...
...                               ^
/home/tb/dev/wf-rails/app/views/layout/index.haml:16: unknown regexp options - had
/home/tb/dev/wf-rails/app/views/layout/index.haml:16: syntax error, unexpected $undefined
...>\n    <![endif]-->\n  </head>\n  <body>\n    #{_hamlout.adj...
...                               ^
/home/tb/dev/wf-rails/app/views/layout/index.haml:16: syntax error, unexpected $undefined
...endif]-->\n  </head>\n  <body>\n    #{_hamlout.adjust_tabs(-...
...                               ^
/home/tb/dev/wf-rails/app/views/layout/index.haml:20: syntax error, unexpected '}', expecting tSTRING_DEND
));}\n    #{_hamlout.format_scrip...
    ^
/home/tb/dev/wf-rails/app/views/layout/index.haml:23: syntax error, unexpected '}', expecting tSTRING_DEND
));}\n  </body>\n</html>\n", -2, ...
    ^
/home/tb/dev/wf-rails/app/views/layout/index.haml:23: unknown regexp options - htl
/home/tb/dev/wf-rails/app/views/layout/index.haml:23: syntax error, unexpected $undefined
));}\n  </body>\n</html>\n", -2, false);::Haml::Util.h...
                         ^
/home/tb/dev/wf-rails/app/views/layout/index.haml:23: unterminated string meets end of file
/home/tb/dev/wf-rails/app/views/layout/index.haml:23: syntax error, unexpected end-of-input, expecting tSTRING_DEND):
  app/views/layout/index.haml:8: syntax error, unexpected ':', expecting ')'
  app/views/layout/index.haml:9: syntax error, unexpected ':', expecting ')'
  app/views/layout/index.haml:9: syntax error, unexpected ',', expecting tSTRING_DEND
  app/views/layout/index.haml:9: syntax error, unexpected ')', expecting tSTRING_DEND
  app/views/layout/index.haml:10: syntax error, unexpected tSTRING_DEND, expecting '}'
  app/views/layout/index.haml:10: Can't assign to nil
  app/views/layout/index.haml:10: syntax error, unexpected ',', expecting tSTRING_DEND
  app/views/layout/index.haml:10: syntax error, unexpected ')', expecting tSTRING_DEND
  app/views/layout/index.haml:12: syntax error, unexpected '}', expecting tSTRING_DEND
  app/views/layout/index.haml:13: syntax error, unexpected ']', expecting keyword_then or ';' or '\n'
  app/views/layout/index.haml:13: syntax error, unexpected tCONSTANT, expecting keyword_do or '{' or '('
  app/views/layout/index.haml:13: syntax error, unexpected '-', expecting :: or '[' or '.'
  app/views/layout/index.haml:13: syntax error, unexpected $undefined, expecting keyword_do_LAMBDA or tLAMBEG
  app/views/layout/index.haml:16: syntax error, unexpected '}', expecting tSTRING_DEND
  app/views/layout/index.haml:16: unknown regexp options - had
  app/views/layout/index.haml:16: syntax error, unexpected $undefined
  app/views/layout/index.haml:16: syntax error, unexpected $undefined
  app/views/layout/index.haml:20: syntax error, unexpected '}', expecting tSTRING_DEND
  app/views/layout/index.haml:23: syntax error, unexpected '}', expecting tSTRING_DEND
  app/views/layout/index.haml:23: unknown regexp options - htl
  app/views/layout/index.haml:23: syntax error, unexpected $undefined
  app/views/layout/index.haml:23: unterminated string meets end of file
  app/views/layout/index.haml:23: syntax error, unexpected end-of-input, expecting tSTRING_DEND


  Rendered /home/tb/.rvm/gems/ruby-2.1.5/gems/actionpack-4.2.0/lib/action_dispatch/middleware/templates/rescues/_source.erb (8.7ms)
  Rendered /home/tb/.rvm/gems/ruby-2.1.5/gems/actionpack-4.2.0/lib/action_dispatch/middleware/templates/rescues/_trace.html.erb (4.6ms)
  Rendered /home/tb/.rvm/gems/ruby-2.1.5/gems/actionpack-4.2.0/lib/action_dispatch/middleware/templates/rescues/_request_and_response.html.erb (1.5ms)
  Rendered /home/tb/.rvm/gems/ruby-2.1.5/gems/actionpack-4.2.0/lib/action_dispatch/middleware/templates/rescues/diagnostics.html.erb within rescues/layout (25.6ms)
  Rendered /home/tb/.rvm/gems/ruby-2.1.5/gems/web-console-2.1.0/lib/web_console/templates/_markup.html (0.4ms)
  Rendered /home/tb/.rvm/gems/ruby-2.1.5/gems/web-console-2.1.0/lib/web_console/templates/style.css within layouts/inlined_string (0.4ms)
  Rendered /home/tb/.rvm/gems/ruby-2.1.5/gems/web-console-2.1.0/lib/web_console/templates/_inner_console_markup.html within layouts/inlined_string (0.4ms)
  Rendered /home/tb/.rvm/gems/ruby-2.1.5/gems/web-console-2.1.0/lib/web_console/templates/_prompt_box_markup.html within layouts/inlined_string (0.3ms)
  Rendered /home/tb/.rvm/gems/ruby-2.1.5/gems/web-console-2.1.0/lib/web_console/templates/console.js within layouts/javascript (13.8ms)
  Rendered /home/tb/.rvm/gems/ruby-2.1.5/gems/web-console-2.1.0/lib/web_console/templates/main.js within layouts/javascript (0.5ms)
  Rendered /home/tb/.rvm/gems/ruby-2.1.5/gems/web-console-2.1.0/lib/web_console/templates/error_page.js within layouts/javascript (0.4ms)
  Rendered /home/tb/.rvm/gems/ruby-2.1.5/gems/web-console-2.1.0/lib/web_console/templates/index.html (29.0ms)


Started GET "/" for 127.0.0.1 at 2015-06-21 13:28:38 +0200
Processing by LayoutController#index as HTML
  Rendered layout/index.haml (7761.6ms)
Completed 500 Internal Server Error in 7764ms

ActionView::Template::Error (Undefined variable: "$orange".
  (in /home/tb/dev/wf-rails/app/assets/stylesheets/strike-ui/_variables.scss:10)):
     6:     %meta{ content: 'IE=Edge,chrome=1', 'http-equiv' => 'X-UA-Compatible' }
     7:     %title 'WF/Designer'
     8:     %link{ href: '/favicon.ico', rel: 'shortcut icon' }
     9:     = stylesheet_link_tag :application, :media => 'all'
    10:     = javascript_include_tag :application
    11: 
    12:     /[if lt IE 9]
  app/assets/stylesheets/strike-ui/_variables.scss:10
  app/views/layout/index.haml:9:in `_app_views_layout_index_haml__1438935924539984075_60218160'


  Rendered /home/tb/.rvm/gems/ruby-2.1.5/gems/actionpack-4.2.0/lib/action_dispatch/middleware/templates/rescues/_source.erb (13.3ms)
  Rendered /home/tb/.rvm/gems/ruby-2.1.5/gems/actionpack-4.2.0/lib/action_dispatch/middleware/templates/rescues/_trace.html.erb (5.1ms)
  Rendered /home/tb/.rvm/gems/ruby-2.1.5/gems/actionpack-4.2.0/lib/action_dispatch/middleware/templates/rescues/_request_and_response.html.erb (1.3ms)
  Rendered /home/tb/.rvm/gems/ruby-2.1.5/gems/actionpack-4.2.0/lib/action_dispatch/middleware/templates/rescues/template_error.html.erb within rescues/layout (31.4ms)
  Rendered /home/tb/.rvm/gems/ruby-2.1.5/gems/web-console-2.1.0/lib/web_console/templates/_markup.html (0.3ms)
  Rendered /home/tb/.rvm/gems/ruby-2.1.5/gems/web-console-2.1.0/lib/web_console/templates/style.css within layouts/inlined_string (0.4ms)
  Rendered /home/tb/.rvm/gems/ruby-2.1.5/gems/web-console-2.1.0/lib/web_console/templates/_inner_console_markup.html within layouts/inlined_string (0.3ms)
  Rendered /home/tb/.rvm/gems/ruby-2.1.5/gems/web-console-2.1.0/lib/web_console/templates/_prompt_box_markup.html within layouts/inlined_string (0.3ms)
  Rendered /home/tb/.rvm/gems/ruby-2.1.5/gems/web-console-2.1.0/lib/web_console/templates/console.js within layouts/javascript (12.6ms)
  Rendered /home/tb/.rvm/gems/ruby-2.1.5/gems/web-console-2.1.0/lib/web_console/templates/main.js within layouts/javascript (0.3ms)
  Rendered /home/tb/.rvm/gems/ruby-2.1.5/gems/web-console-2.1.0/lib/web_console/templates/error_page.js within layouts/javascript (0.3ms)
  Rendered /home/tb/.rvm/gems/ruby-2.1.5/gems/web-console-2.1.0/lib/web_console/templates/index.html (26.3ms)


Started GET "/" for 127.0.0.1 at 2015-06-21 13:30:37 +0200
Processing by LayoutController#index as HTML
  Rendered layout/index.haml (538.6ms)
Completed 500 Internal Server Error in 541ms

ActionView::Template::Error (couldn't find file '/home/tb/dev/wf-rails/app/assets/stylesheets/strike-ui/mixins'
  (in /home/tb/dev/wf-rails/app/assets/stylesheets/strike-ui.scss)):
     6:     %meta{ content: 'IE=Edge,chrome=1', 'http-equiv' => 'X-UA-Compatible' }
     7:     %title 'WF/Designer'
     8:     %link{ href: '/favicon.ico', rel: 'shortcut icon' }
     9:     = stylesheet_link_tag :application, :media => 'all'
    10:     = javascript_include_tag :application
    11: 
    12:     /[if lt IE 9]
  app/views/layout/index.haml:9:in `_app_views_layout_index_haml__1438935924539984075_60218160'


  Rendered /home/tb/.rvm/gems/ruby-2.1.5/gems/actionpack-4.2.0/lib/action_dispatch/middleware/templates/rescues/_source.erb (13.1ms)
  Rendered /home/tb/.rvm/gems/ruby-2.1.5/gems/actionpack-4.2.0/lib/action_dispatch/middleware/templates/rescues/_trace.html.erb (5.3ms)
  Rendered /home/tb/.rvm/gems/ruby-2.1.5/gems/actionpack-4.2.0/lib/action_dispatch/middleware/templates/rescues/_request_and_response.html.erb (1.8ms)
  Rendered /home/tb/.rvm/gems/ruby-2.1.5/gems/actionpack-4.2.0/lib/action_dispatch/middleware/templates/rescues/template_error.html.erb within rescues/layout (31.2ms)
  Rendered /home/tb/.rvm/gems/ruby-2.1.5/gems/web-console-2.1.0/lib/web_console/templates/_markup.html (0.5ms)
  Rendered /home/tb/.rvm/gems/ruby-2.1.5/gems/web-console-2.1.0/lib/web_console/templates/style.css within layouts/inlined_string (0.3ms)
  Rendered /home/tb/.rvm/gems/ruby-2.1.5/gems/web-console-2.1.0/lib/web_console/templates/_inner_console_markup.html within layouts/inlined_string (0.3ms)
  Rendered /home/tb/.rvm/gems/ruby-2.1.5/gems/web-console-2.1.0/lib/web_console/templates/_prompt_box_markup.html within layouts/inlined_string (0.4ms)
  Rendered /home/tb/.rvm/gems/ruby-2.1.5/gems/web-console-2.1.0/lib/web_console/templates/console.js within layouts/javascript (13.3ms)
  Rendered /home/tb/.rvm/gems/ruby-2.1.5/gems/web-console-2.1.0/lib/web_console/templates/main.js within layouts/javascript (0.5ms)
  Rendered /home/tb/.rvm/gems/ruby-2.1.5/gems/web-console-2.1.0/lib/web_console/templates/error_page.js within layouts/javascript (0.5ms)
  Rendered /home/tb/.rvm/gems/ruby-2.1.5/gems/web-console-2.1.0/lib/web_console/templates/index.html (28.8ms)


Started GET "/" for 127.0.0.1 at 2015-06-21 13:30:56 +0200
Processing by LayoutController#index as HTML
  Rendered layout/index.haml (516.9ms)
Completed 500 Internal Server Error in 519ms

ActionView::Template::Error (couldn't find file '/home/tb/dev/wf-rails/app/assets/stylesheets/strike-ui/mixins'
  (in /home/tb/dev/wf-rails/app/assets/stylesheets/strike-ui.scss)):
     6:     %meta{ content: 'IE=Edge,chrome=1', 'http-equiv' => 'X-UA-Compatible' }
     7:     %title 'WF/Designer'
     8:     %link{ href: '/favicon.ico', rel: 'shortcut icon' }
     9:     = stylesheet_link_tag :application, :media => 'all'
    10:     = javascript_include_tag :application
    11: 
    12:     /[if lt IE 9]
  app/views/layout/index.haml:9:in `_app_views_layout_index_haml__1438935924539984075_60218160'


  Rendered /home/tb/.rvm/gems/ruby-2.1.5/gems/actionpack-4.2.0/lib/action_dispatch/middleware/templates/rescues/_source.erb (10.9ms)
  Rendered /home/tb/.rvm/gems/ruby-2.1.5/gems/actionpack-4.2.0/lib/action_dispatch/middleware/templates/rescues/_trace.html.erb (4.4ms)
  Rendered /home/tb/.rvm/gems/ruby-2.1.5/gems/actionpack-4.2.0/lib/action_dispatch/middleware/templates/rescues/_request_and_response.html.erb (1.2ms)
  Rendered /home/tb/.rvm/gems/ruby-2.1.5/gems/actionpack-4.2.0/lib/action_dispatch/middleware/templates/rescues/template_error.html.erb within rescues/layout (27.3ms)
  Rendered /home/tb/.rvm/gems/ruby-2.1.5/gems/web-console-2.1.0/lib/web_console/templates/_markup.html (0.4ms)
  Rendered /home/tb/.rvm/gems/ruby-2.1.5/gems/web-console-2.1.0/lib/web_console/templates/style.css within layouts/inlined_string (0.3ms)
  Rendered /home/tb/.rvm/gems/ruby-2.1.5/gems/web-console-2.1.0/lib/web_console/templates/_inner_console_markup.html within layouts/inlined_string (0.2ms)
  Rendered /home/tb/.rvm/gems/ruby-2.1.5/gems/web-console-2.1.0/lib/web_console/templates/_prompt_box_markup.html within layouts/inlined_string (0.3ms)
  Rendered /home/tb/.rvm/gems/ruby-2.1.5/gems/web-console-2.1.0/lib/web_console/templates/console.js within layouts/javascript (12.0ms)
  Rendered /home/tb/.rvm/gems/ruby-2.1.5/gems/web-console-2.1.0/lib/web_console/templates/main.js within layouts/javascript (0.4ms)
  Rendered /home/tb/.rvm/gems/ruby-2.1.5/gems/web-console-2.1.0/lib/web_console/templates/error_page.js within layouts/javascript (0.3ms)
  Rendered /home/tb/.rvm/gems/ruby-2.1.5/gems/web-console-2.1.0/lib/web_console/templates/index.html (28.7ms)


Started GET "/" for 127.0.0.1 at 2015-06-21 13:31:53 +0200
Processing by LayoutController#index as HTML
  Rendered layout/index.haml (554.3ms)
Completed 500 Internal Server Error in 557ms

ActionView::Template::Error (couldn't find file '/home/tb/dev/wf-rails/app/assets/stylesheets/strike-ui/mixins'
  (in /home/tb/dev/wf-rails/app/assets/stylesheets/strike-ui.scss)):
     6:     %meta{ content: 'IE=Edge,chrome=1', 'http-equiv' => 'X-UA-Compatible' }
     7:     %title 'WF/Designer'
     8:     %link{ href: '/favicon.ico', rel: 'shortcut icon' }
     9:     = stylesheet_link_tag :wf_main, :media => 'all'
    10:     = javascript_include_tag :wf
    11: 
    12:     /[if lt IE 9]
  app/views/layout/index.haml:9:in `_app_views_layout_index_haml__1438935924539984075_63615340'


  Rendered /home/tb/.rvm/gems/ruby-2.1.5/gems/actionpack-4.2.0/lib/action_dispatch/middleware/templates/rescues/_source.erb (12.0ms)
  Rendered /home/tb/.rvm/gems/ruby-2.1.5/gems/actionpack-4.2.0/lib/action_dispatch/middleware/templates/rescues/_trace.html.erb (4.4ms)
  Rendered /home/tb/.rvm/gems/ruby-2.1.5/gems/actionpack-4.2.0/lib/action_dispatch/middleware/templates/rescues/_request_and_response.html.erb (1.5ms)
  Rendered /home/tb/.rvm/gems/ruby-2.1.5/gems/actionpack-4.2.0/lib/action_dispatch/middleware/templates/rescues/template_error.html.erb within rescues/layout (29.0ms)
  Rendered /home/tb/.rvm/gems/ruby-2.1.5/gems/web-console-2.1.0/lib/web_console/templates/_markup.html (0.3ms)
  Rendered /home/tb/.rvm/gems/ruby-2.1.5/gems/web-console-2.1.0/lib/web_console/templates/style.css within layouts/inlined_string (0.2ms)
  Rendered /home/tb/.rvm/gems/ruby-2.1.5/gems/web-console-2.1.0/lib/web_console/templates/_inner_console_markup.html within layouts/inlined_string (0.4ms)
  Rendered /home/tb/.rvm/gems/ruby-2.1.5/gems/web-console-2.1.0/lib/web_console/templates/_prompt_box_markup.html within layouts/inlined_string (0.2ms)
  Rendered /home/tb/.rvm/gems/ruby-2.1.5/gems/web-console-2.1.0/lib/web_console/templates/console.js within layouts/javascript (12.8ms)
  Rendered /home/tb/.rvm/gems/ruby-2.1.5/gems/web-console-2.1.0/lib/web_console/templates/main.js within layouts/javascript (0.3ms)
  Rendered /home/tb/.rvm/gems/ruby-2.1.5/gems/web-console-2.1.0/lib/web_console/templates/error_page.js within layouts/javascript (0.4ms)
  Rendered /home/tb/.rvm/gems/ruby-2.1.5/gems/web-console-2.1.0/lib/web_console/templates/index.html (26.6ms)


Started GET "/" for 127.0.0.1 at 2015-06-21 13:32:02 +0200
Processing by LayoutController#index as HTML
  Rendered layout/index.haml (533.5ms)
Completed 500 Internal Server Error in 536ms

ActionView::Template::Error (couldn't find file '/home/tb/dev/wf-rails/app/assets/stylesheets/strike-ui/mixins'
  (in /home/tb/dev/wf-rails/app/assets/stylesheets/strike-ui.scss)):
     6:     %meta{ content: 'IE=Edge,chrome=1', 'http-equiv' => 'X-UA-Compatible' }
     7:     %title 'WF/Designer'
     8:     %link{ href: '/favicon.ico', rel: 'shortcut icon' }
     9:     = stylesheet_link_tag :wf_main
    10:     = javascript_include_tag :wf
    11: 
    12:     /[if lt IE 9]
  app/views/layout/index.haml:9:in `_app_views_layout_index_haml__1438935924539984075_64347940'


  Rendered /home/tb/.rvm/gems/ruby-2.1.5/gems/actionpack-4.2.0/lib/action_dispatch/middleware/templates/rescues/_source.erb (11.4ms)
  Rendered /home/tb/.rvm/gems/ruby-2.1.5/gems/actionpack-4.2.0/lib/action_dispatch/middleware/templates/rescues/_trace.html.erb (9.1ms)
  Rendered /home/tb/.rvm/gems/ruby-2.1.5/gems/actionpack-4.2.0/lib/action_dispatch/middleware/templates/rescues/_request_and_response.html.erb (1.2ms)
  Rendered /home/tb/.rvm/gems/ruby-2.1.5/gems/actionpack-4.2.0/lib/action_dispatch/middleware/templates/rescues/template_error.html.erb within rescues/layout (34.3ms)
  Rendered /home/tb/.rvm/gems/ruby-2.1.5/gems/web-console-2.1.0/lib/web_console/templates/_markup.html (0.4ms)
  Rendered /home/tb/.rvm/gems/ruby-2.1.5/gems/web-console-2.1.0/lib/web_console/templates/style.css within layouts/inlined_string (0.3ms)
  Rendered /home/tb/.rvm/gems/ruby-2.1.5/gems/web-console-2.1.0/lib/web_console/templates/_inner_console_markup.html within layouts/inlined_string (0.4ms)
  Rendered /home/tb/.rvm/gems/ruby-2.1.5/gems/web-console-2.1.0/lib/web_console/templates/_prompt_box_markup.html within layouts/inlined_string (0.3ms)
  Rendered /home/tb/.rvm/gems/ruby-2.1.5/gems/web-console-2.1.0/lib/web_console/templates/console.js within layouts/javascript (12.3ms)
  Rendered /home/tb/.rvm/gems/ruby-2.1.5/gems/web-console-2.1.0/lib/web_console/templates/main.js within layouts/javascript (0.3ms)
  Rendered /home/tb/.rvm/gems/ruby-2.1.5/gems/web-console-2.1.0/lib/web_console/templates/error_page.js within layouts/javascript (0.4ms)
  Rendered /home/tb/.rvm/gems/ruby-2.1.5/gems/web-console-2.1.0/lib/web_console/templates/index.html (26.0ms)


Started GET "/" for 127.0.0.1 at 2015-06-21 13:36:55 +0200
Processing by LayoutController#index as HTML
  Rendered layout/index.haml (65.5ms)
Completed 500 Internal Server Error in 68ms

ActionView::Template::Error (Missing partial layout/_wf_popup with {:locale=>[:en], :formats=>[:html], :variants=>[], :handlers=>[:erb, :builder, :raw, :ruby, :coffee, :haml, :jbuilder]}. Searched in:
  * "/home/tb/dev/wf-rails/app/views"
):
    14:       %script{ src: '//cdnjs.cloudflare.com/ajax/libs/html5shiv/3.6.1/html5shiv.js', type: 'text/javascript' }
    15: 
    16:   %body
    17:     = render 'layout/wf_popup'
    18:     = render 'layout/wf_panel'
    19: 
    20:     = yield
  app/views/layout/index.haml:17:in `_app_views_layout_index_haml__1438935924539984075_61734860'


  Rendered /home/tb/.rvm/gems/ruby-2.1.5/gems/actionpack-4.2.0/lib/action_dispatch/middleware/templates/rescues/_source.erb (8.3ms)
  Rendered /home/tb/.rvm/gems/ruby-2.1.5/gems/actionpack-4.2.0/lib/action_dispatch/middleware/templates/rescues/_trace.html.erb (3.3ms)
  Rendered /home/tb/.rvm/gems/ruby-2.1.5/gems/actionpack-4.2.0/lib/action_dispatch/middleware/templates/rescues/_request_and_response.html.erb (1.2ms)
  Rendered /home/tb/.rvm/gems/ruby-2.1.5/gems/actionpack-4.2.0/lib/action_dispatch/middleware/templates/rescues/template_error.html.erb within rescues/layout (23.2ms)
  Rendered /home/tb/.rvm/gems/ruby-2.1.5/gems/web-console-2.1.0/lib/web_console/templates/_markup.html (0.3ms)
  Rendered /home/tb/.rvm/gems/ruby-2.1.5/gems/web-console-2.1.0/lib/web_console/templates/style.css within layouts/inlined_string (0.2ms)
  Rendered /home/tb/.rvm/gems/ruby-2.1.5/gems/web-console-2.1.0/lib/web_console/templates/_inner_console_markup.html within layouts/inlined_string (0.4ms)
  Rendered /home/tb/.rvm/gems/ruby-2.1.5/gems/web-console-2.1.0/lib/web_console/templates/_prompt_box_markup.html within layouts/inlined_string (0.3ms)
  Rendered /home/tb/.rvm/gems/ruby-2.1.5/gems/web-console-2.1.0/lib/web_console/templates/console.js within layouts/javascript (13.1ms)
  Rendered /home/tb/.rvm/gems/ruby-2.1.5/gems/web-console-2.1.0/lib/web_console/templates/main.js within layouts/javascript (0.3ms)
  Rendered /home/tb/.rvm/gems/ruby-2.1.5/gems/web-console-2.1.0/lib/web_console/templates/error_page.js within layouts/javascript (0.4ms)
  Rendered /home/tb/.rvm/gems/ruby-2.1.5/gems/web-console-2.1.0/lib/web_console/templates/index.html (26.6ms)


Started GET "/" for 127.0.0.1 at 2015-06-21 13:37:24 +0200
Processing by LayoutController#index as HTML
  Rendered layout/_wf_popup.haml (1.0ms)
  Rendered layout/_wf_panel.haml (5.7ms)
  Rendered layout/index.haml (62.7ms)
Completed 200 OK in 65ms (Views: 65.2ms | ActiveRecord: 0.0ms)


Started GET "/stylesheets/wf.css" for 127.0.0.1 at 2015-06-21 13:37:25 +0200

ActionController::RoutingError (No route matches [GET] "/stylesheets/wf.css"):
  actionpack (4.2.0) lib/action_dispatch/middleware/debug_exceptions.rb:21:in `call'
  web-console (2.1.0) lib/web_console/middleware.rb:37:in `call'
  actionpack (4.2.0) lib/action_dispatch/middleware/show_exceptions.rb:30:in `call'
  railties (4.2.0) lib/rails/rack/logger.rb:38:in `call_app'
  railties (4.2.0) lib/rails/rack/logger.rb:20:in `block in call'
  activesupport (4.2.0) lib/active_support/tagged_logging.rb:68:in `block in tagged'
  activesupport (4.2.0) lib/active_support/tagged_logging.rb:26:in `tagged'
  activesupport (4.2.0) lib/active_support/tagged_logging.rb:68:in `tagged'
  railties (4.2.0) lib/rails/rack/logger.rb:20:in `call'
  actionpack (4.2.0) lib/action_dispatch/middleware/request_id.rb:21:in `call'
  rack (1.6.0) lib/rack/methodoverride.rb:22:in `call'
  rack (1.6.0) lib/rack/runtime.rb:18:in `call'
  activesupport (4.2.0) lib/active_support/cache/strategy/local_cache_middleware.rb:28:in `call'
  rack (1.6.0) lib/rack/lock.rb:17:in `call'
  actionpack (4.2.0) lib/action_dispatch/middleware/static.rb:113:in `call'
  rack (1.6.0) lib/rack/sendfile.rb:113:in `call'
  railties (4.2.0) lib/rails/engine.rb:518:in `call'
  railties (4.2.0) lib/rails/application.rb:164:in `call'
  rack (1.6.0) lib/rack/content_length.rb:15:in `call'
  thin (1.6.3) lib/thin/connection.rb:86:in `block in pre_process'
  thin (1.6.3) lib/thin/connection.rb:84:in `catch'
  thin (1.6.3) lib/thin/connection.rb:84:in `pre_process'
  thin (1.6.3) lib/thin/connection.rb:53:in `process'
  thin (1.6.3) lib/thin/connection.rb:39:in `receive_data'
  eventmachine (1.0.7) lib/eventmachine.rb:187:in `run_machine'
  eventmachine (1.0.7) lib/eventmachine.rb:187:in `run'
  thin (1.6.3) lib/thin/backends/base.rb:73:in `start'
  thin (1.6.3) lib/thin/server.rb:162:in `start'
  rack (1.6.0) lib/rack/handler/thin.rb:19:in `run'
  rack (1.6.0) lib/rack/server.rb:286:in `start'
  railties (4.2.0) lib/rails/commands/server.rb:80:in `start'
  railties (4.2.0) lib/rails/commands/commands_tasks.rb:80:in `block in server'
  railties (4.2.0) lib/rails/commands/commands_tasks.rb:75:in `tap'
  railties (4.2.0) lib/rails/commands/commands_tasks.rb:75:in `server'
  railties (4.2.0) lib/rails/commands/commands_tasks.rb:39:in `run_command!'
  railties (4.2.0) lib/rails/commands.rb:17:in `<top (required)>'
  bin/rails:8:in `require'
  bin/rails:8:in `<main>'


  Rendered /home/tb/.rvm/gems/ruby-2.1.5/gems/actionpack-4.2.0/lib/action_dispatch/middleware/templates/rescues/_trace.html.erb (1.8ms)
  Rendered /home/tb/.rvm/gems/ruby-2.1.5/gems/actionpack-4.2.0/lib/action_dispatch/middleware/templates/routes/_route.html.erb (0.7ms)
  Rendered /home/tb/.rvm/gems/ruby-2.1.5/gems/actionpack-4.2.0/lib/action_dispatch/middleware/templates/routes/_table.html.erb (1.5ms)
  Rendered /home/tb/.rvm/gems/ruby-2.1.5/gems/actionpack-4.2.0/lib/action_dispatch/middleware/templates/rescues/_request_and_response.html.erb (1.1ms)
  Rendered /home/tb/.rvm/gems/ruby-2.1.5/gems/actionpack-4.2.0/lib/action_dispatch/middleware/templates/rescues/routing_error.html.erb within rescues/layout (19.6ms)
  Rendered /home/tb/.rvm/gems/ruby-2.1.5/gems/web-console-2.1.0/lib/web_console/templates/_markup.html (0.4ms)
  Rendered /home/tb/.rvm/gems/ruby-2.1.5/gems/web-console-2.1.0/lib/web_console/templates/style.css within layouts/inlined_string (0.4ms)
  Rendered /home/tb/.rvm/gems/ruby-2.1.5/gems/web-console-2.1.0/lib/web_console/templates/_inner_console_markup.html within layouts/inlined_string (0.2ms)
  Rendered /home/tb/.rvm/gems/ruby-2.1.5/gems/web-console-2.1.0/lib/web_console/templates/_prompt_box_markup.html within layouts/inlined_string (0.3ms)
  Rendered /home/tb/.rvm/gems/ruby-2.1.5/gems/web-console-2.1.0/lib/web_console/templates/console.js within layouts/javascript (12.2ms)
  Rendered /home/tb/.rvm/gems/ruby-2.1.5/gems/web-console-2.1.0/lib/web_console/templates/main.js within layouts/javascript (0.2ms)
  Rendered /home/tb/.rvm/gems/ruby-2.1.5/gems/web-console-2.1.0/lib/web_console/templates/error_page.js within layouts/javascript (0.7ms)
  Rendered /home/tb/.rvm/gems/ruby-2.1.5/gems/web-console-2.1.0/lib/web_console/templates/index.html (25.9ms)


Started GET "/javascripts/app.js" for 127.0.0.1 at 2015-06-21 13:37:25 +0200

ActionController::RoutingError (No route matches [GET] "/javascripts/app.js"):
  actionpack (4.2.0) lib/action_dispatch/middleware/debug_exceptions.rb:21:in `call'
  web-console (2.1.0) lib/web_console/middleware.rb:37:in `call'
  actionpack (4.2.0) lib/action_dispatch/middleware/show_exceptions.rb:30:in `call'
  railties (4.2.0) lib/rails/rack/logger.rb:38:in `call_app'
  railties (4.2.0) lib/rails/rack/logger.rb:20:in `block in call'
  activesupport (4.2.0) lib/active_support/tagged_logging.rb:68:in `block in tagged'
  activesupport (4.2.0) lib/active_support/tagged_logging.rb:26:in `tagged'
  activesupport (4.2.0) lib/active_support/tagged_logging.rb:68:in `tagged'
  railties (4.2.0) lib/rails/rack/logger.rb:20:in `call'
  actionpack (4.2.0) lib/action_dispatch/middleware/request_id.rb:21:in `call'
  rack (1.6.0) lib/rack/methodoverride.rb:22:in `call'
  rack (1.6.0) lib/rack/runtime.rb:18:in `call'
  activesupport (4.2.0) lib/active_support/cache/strategy/local_cache_middleware.rb:28:in `call'
  rack (1.6.0) lib/rack/lock.rb:17:in `call'
  actionpack (4.2.0) lib/action_dispatch/middleware/static.rb:113:in `call'
  rack (1.6.0) lib/rack/sendfile.rb:113:in `call'
  railties (4.2.0) lib/rails/engine.rb:518:in `call'
  railties (4.2.0) lib/rails/application.rb:164:in `call'
  rack (1.6.0) lib/rack/content_length.rb:15:in `call'
  thin (1.6.3) lib/thin/connection.rb:86:in `block in pre_process'
  thin (1.6.3) lib/thin/connection.rb:84:in `catch'
  thin (1.6.3) lib/thin/connection.rb:84:in `pre_process'
  thin (1.6.3) lib/thin/connection.rb:53:in `process'
  thin (1.6.3) lib/thin/connection.rb:39:in `receive_data'
  eventmachine (1.0.7) lib/eventmachine.rb:187:in `run_machine'
  eventmachine (1.0.7) lib/eventmachine.rb:187:in `run'
  thin (1.6.3) lib/thin/backends/base.rb:73:in `start'
  thin (1.6.3) lib/thin/server.rb:162:in `start'
  rack (1.6.0) lib/rack/handler/thin.rb:19:in `run'
  rack (1.6.0) lib/rack/server.rb:286:in `start'
  railties (4.2.0) lib/rails/commands/server.rb:80:in `start'
  railties (4.2.0) lib/rails/commands/commands_tasks.rb:80:in `block in server'
  railties (4.2.0) lib/rails/commands/commands_tasks.rb:75:in `tap'
  railties (4.2.0) lib/rails/commands/commands_tasks.rb:75:in `server'
  railties (4.2.0) lib/rails/commands/commands_tasks.rb:39:in `run_command!'
  railties (4.2.0) lib/rails/commands.rb:17:in `<top (required)>'
  bin/rails:8:in `require'
  bin/rails:8:in `<main>'


  Rendered /home/tb/.rvm/gems/ruby-2.1.5/gems/actionpack-4.2.0/lib/action_dispatch/middleware/templates/rescues/_trace.html.erb (1.7ms)
  Rendered /home/tb/.rvm/gems/ruby-2.1.5/gems/actionpack-4.2.0/lib/action_dispatch/middleware/templates/routes/_route.html.erb (0.8ms)
  Rendered /home/tb/.rvm/gems/ruby-2.1.5/gems/actionpack-4.2.0/lib/action_dispatch/middleware/templates/routes/_table.html.erb (1.3ms)
  Rendered /home/tb/.rvm/gems/ruby-2.1.5/gems/actionpack-4.2.0/lib/action_dispatch/middleware/templates/rescues/_request_and_response.html.erb (1.3ms)
  Rendered /home/tb/.rvm/gems/ruby-2.1.5/gems/actionpack-4.2.0/lib/action_dispatch/middleware/templates/rescues/routing_error.html.erb within rescues/layout (20.1ms)
  Rendered /home/tb/.rvm/gems/ruby-2.1.5/gems/web-console-2.1.0/lib/web_console/templates/_markup.html (0.4ms)
  Rendered /home/tb/.rvm/gems/ruby-2.1.5/gems/web-console-2.1.0/lib/web_console/templates/style.css within layouts/inlined_string (0.5ms)
  Rendered /home/tb/.rvm/gems/ruby-2.1.5/gems/web-console-2.1.0/lib/web_console/templates/_inner_console_markup.html within layouts/inlined_string (0.3ms)
  Rendered /home/tb/.rvm/gems/ruby-2.1.5/gems/web-console-2.1.0/lib/web_console/templates/_prompt_box_markup.html within layouts/inlined_string (0.3ms)
  Rendered /home/tb/.rvm/gems/ruby-2.1.5/gems/web-console-2.1.0/lib/web_console/templates/console.js within layouts/javascript (12.9ms)
  Rendered /home/tb/.rvm/gems/ruby-2.1.5/gems/web-console-2.1.0/lib/web_console/templates/main.js within layouts/javascript (0.3ms)
  Rendered /home/tb/.rvm/gems/ruby-2.1.5/gems/web-console-2.1.0/lib/web_console/templates/error_page.js within layouts/javascript (0.4ms)
  Rendered /home/tb/.rvm/gems/ruby-2.1.5/gems/web-console-2.1.0/lib/web_console/templates/index.html (26.2ms)


Started GET "/" for 127.0.0.1 at 2015-06-21 13:37:34 +0200
Processing by LayoutController#index as HTML
  Rendered layout/_wf_popup.haml (0.1ms)
  Rendered layout/_wf_panel.haml (0.1ms)
  Rendered layout/index.haml (70.3ms)
Completed 200 OK in 72ms (Views: 71.8ms | ActiveRecord: 0.0ms)


Started GET "/stylesheets/wf.css" for 127.0.0.1 at 2015-06-21 13:37:34 +0200

ActionController::RoutingError (No route matches [GET] "/stylesheets/wf.css"):
  actionpack (4.2.0) lib/action_dispatch/middleware/debug_exceptions.rb:21:in `call'
  web-console (2.1.0) lib/web_console/middleware.rb:37:in `call'
  actionpack (4.2.0) lib/action_dispatch/middleware/show_exceptions.rb:30:in `call'
  railties (4.2.0) lib/rails/rack/logger.rb:38:in `call_app'
  railties (4.2.0) lib/rails/rack/logger.rb:20:in `block in call'
  activesupport (4.2.0) lib/active_support/tagged_logging.rb:68:in `block in tagged'
  activesupport (4.2.0) lib/active_support/tagged_logging.rb:26:in `tagged'
  activesupport (4.2.0) lib/active_support/tagged_logging.rb:68:in `tagged'
  railties (4.2.0) lib/rails/rack/logger.rb:20:in `call'
  actionpack (4.2.0) lib/action_dispatch/middleware/request_id.rb:21:in `call'
  rack (1.6.0) lib/rack/methodoverride.rb:22:in `call'
  rack (1.6.0) lib/rack/runtime.rb:18:in `call'
  activesupport (4.2.0) lib/active_support/cache/strategy/local_cache_middleware.rb:28:in `call'
  rack (1.6.0) lib/rack/lock.rb:17:in `call'
  actionpack (4.2.0) lib/action_dispatch/middleware/static.rb:113:in `call'
  rack (1.6.0) lib/rack/sendfile.rb:113:in `call'
  railties (4.2.0) lib/rails/engine.rb:518:in `call'
  railties (4.2.0) lib/rails/application.rb:164:in `call'
  rack (1.6.0) lib/rack/content_length.rb:15:in `call'
  thin (1.6.3) lib/thin/connection.rb:86:in `block in pre_process'
  thin (1.6.3) lib/thin/connection.rb:84:in `catch'
  thin (1.6.3) lib/thin/connection.rb:84:in `pre_process'
  thin (1.6.3) lib/thin/connection.rb:53:in `process'
  thin (1.6.3) lib/thin/connection.rb:39:in `receive_data'
  eventmachine (1.0.7) lib/eventmachine.rb:187:in `run_machine'
  eventmachine (1.0.7) lib/eventmachine.rb:187:in `run'
  thin (1.6.3) lib/thin/backends/base.rb:73:in `start'
  thin (1.6.3) lib/thin/server.rb:162:in `start'
  rack (1.6.0) lib/rack/handler/thin.rb:19:in `run'
  rack (1.6.0) lib/rack/server.rb:286:in `start'
  railties (4.2.0) lib/rails/commands/server.rb:80:in `start'
  railties (4.2.0) lib/rails/commands/commands_tasks.rb:80:in `block in server'
  railties (4.2.0) lib/rails/commands/commands_tasks.rb:75:in `tap'
  railties (4.2.0) lib/rails/commands/commands_tasks.rb:75:in `server'
  railties (4.2.0) lib/rails/commands/commands_tasks.rb:39:in `run_command!'
  railties (4.2.0) lib/rails/commands.rb:17:in `<top (required)>'
  bin/rails:8:in `require'
  bin/rails:8:in `<main>'


  Rendered /home/tb/.rvm/gems/ruby-2.1.5/gems/actionpack-4.2.0/lib/action_dispatch/middleware/templates/rescues/_trace.html.erb (1.9ms)
  Rendered /home/tb/.rvm/gems/ruby-2.1.5/gems/actionpack-4.2.0/lib/action_dispatch/middleware/templates/routes/_route.html.erb (0.9ms)
  Rendered /home/tb/.rvm/gems/ruby-2.1.5/gems/actionpack-4.2.0/lib/action_dispatch/middleware/templates/routes/_table.html.erb (2.2ms)
  Rendered /home/tb/.rvm/gems/ruby-2.1.5/gems/actionpack-4.2.0/lib/action_dispatch/middleware/templates/rescues/_request_and_response.html.erb (1.5ms)
  Rendered /home/tb/.rvm/gems/ruby-2.1.5/gems/actionpack-4.2.0/lib/action_dispatch/middleware/templates/rescues/routing_error.html.erb within rescues/layout (22.4ms)
  Rendered /home/tb/.rvm/gems/ruby-2.1.5/gems/web-console-2.1.0/lib/web_console/templates/_markup.html (0.6ms)
  Rendered /home/tb/.rvm/gems/ruby-2.1.5/gems/web-console-2.1.0/lib/web_console/templates/style.css within layouts/inlined_string (0.2ms)
  Rendered /home/tb/.rvm/gems/ruby-2.1.5/gems/web-console-2.1.0/lib/web_console/templates/_inner_console_markup.html within layouts/inlined_string (0.2ms)
  Rendered /home/tb/.rvm/gems/ruby-2.1.5/gems/web-console-2.1.0/lib/web_console/templates/_prompt_box_markup.html within layouts/inlined_string (0.5ms)
  Rendered /home/tb/.rvm/gems/ruby-2.1.5/gems/web-console-2.1.0/lib/web_console/templates/console.js within layouts/javascript (13.0ms)
  Rendered /home/tb/.rvm/gems/ruby-2.1.5/gems/web-console-2.1.0/lib/web_console/templates/main.js within layouts/javascript (0.5ms)
  Rendered /home/tb/.rvm/gems/ruby-2.1.5/gems/web-console-2.1.0/lib/web_console/templates/error_page.js within layouts/javascript (0.6ms)
  Rendered /home/tb/.rvm/gems/ruby-2.1.5/gems/web-console-2.1.0/lib/web_console/templates/index.html (28.9ms)


Started GET "/javascripts/app.js" for 127.0.0.1 at 2015-06-21 13:37:34 +0200

ActionController::RoutingError (No route matches [GET] "/javascripts/app.js"):
  actionpack (4.2.0) lib/action_dispatch/middleware/debug_exceptions.rb:21:in `call'
  web-console (2.1.0) lib/web_console/middleware.rb:37:in `call'
  actionpack (4.2.0) lib/action_dispatch/middleware/show_exceptions.rb:30:in `call'
  railties (4.2.0) lib/rails/rack/logger.rb:38:in `call_app'
  railties (4.2.0) lib/rails/rack/logger.rb:20:in `block in call'
  activesupport (4.2.0) lib/active_support/tagged_logging.rb:68:in `block in tagged'
  activesupport (4.2.0) lib/active_support/tagged_logging.rb:26:in `tagged'
  activesupport (4.2.0) lib/active_support/tagged_logging.rb:68:in `tagged'
  railties (4.2.0) lib/rails/rack/logger.rb:20:in `call'
  actionpack (4.2.0) lib/action_dispatch/middleware/request_id.rb:21:in `call'
  rack (1.6.0) lib/rack/methodoverride.rb:22:in `call'
  rack (1.6.0) lib/rack/runtime.rb:18:in `call'
  activesupport (4.2.0) lib/active_support/cache/strategy/local_cache_middleware.rb:28:in `call'
  rack (1.6.0) lib/rack/lock.rb:17:in `call'
  actionpack (4.2.0) lib/action_dispatch/middleware/static.rb:113:in `call'
  rack (1.6.0) lib/rack/sendfile.rb:113:in `call'
  railties (4.2.0) lib/rails/engine.rb:518:in `call'
  railties (4.2.0) lib/rails/application.rb:164:in `call'
  rack (1.6.0) lib/rack/content_length.rb:15:in `call'
  thin (1.6.3) lib/thin/connection.rb:86:in `block in pre_process'
  thin (1.6.3) lib/thin/connection.rb:84:in `catch'
  thin (1.6.3) lib/thin/connection.rb:84:in `pre_process'
  thin (1.6.3) lib/thin/connection.rb:53:in `process'
  thin (1.6.3) lib/thin/connection.rb:39:in `receive_data'
  eventmachine (1.0.7) lib/eventmachine.rb:187:in `run_machine'
  eventmachine (1.0.7) lib/eventmachine.rb:187:in `run'
  thin (1.6.3) lib/thin/backends/base.rb:73:in `start'
  thin (1.6.3) lib/thin/server.rb:162:in `start'
  rack (1.6.0) lib/rack/handler/thin.rb:19:in `run'
  rack (1.6.0) lib/rack/server.rb:286:in `start'
  railties (4.2.0) lib/rails/commands/server.rb:80:in `start'
  railties (4.2.0) lib/rails/commands/commands_tasks.rb:80:in `block in server'
  railties (4.2.0) lib/rails/commands/commands_tasks.rb:75:in `tap'
  railties (4.2.0) lib/rails/commands/commands_tasks.rb:75:in `server'
  railties (4.2.0) lib/rails/commands/commands_tasks.rb:39:in `run_command!'
  railties (4.2.0) lib/rails/commands.rb:17:in `<top (required)>'
  bin/rails:8:in `require'
  bin/rails:8:in `<main>'


  Rendered /home/tb/.rvm/gems/ruby-2.1.5/gems/actionpack-4.2.0/lib/action_dispatch/middleware/templates/rescues/_trace.html.erb (1.7ms)
  Rendered /home/tb/.rvm/gems/ruby-2.1.5/gems/actionpack-4.2.0/lib/action_dispatch/middleware/templates/routes/_route.html.erb (0.9ms)
  Rendered /home/tb/.rvm/gems/ruby-2.1.5/gems/actionpack-4.2.0/lib/action_dispatch/middleware/templates/routes/_table.html.erb (1.7ms)
  Rendered /home/tb/.rvm/gems/ruby-2.1.5/gems/actionpack-4.2.0/lib/action_dispatch/middleware/templates/rescues/_request_and_response.html.erb (1.4ms)
  Rendered /home/tb/.rvm/gems/ruby-2.1.5/gems/actionpack-4.2.0/lib/action_dispatch/middleware/templates/rescues/routing_error.html.erb within rescues/layout (21.0ms)
  Rendered /home/tb/.rvm/gems/ruby-2.1.5/gems/web-console-2.1.0/lib/web_console/templates/_markup.html (0.3ms)
  Rendered /home/tb/.rvm/gems/ruby-2.1.5/gems/web-console-2.1.0/lib/web_console/templates/style.css within layouts/inlined_string (0.3ms)
  Rendered /home/tb/.rvm/gems/ruby-2.1.5/gems/web-console-2.1.0/lib/web_console/templates/_inner_console_markup.html within layouts/inlined_string (0.3ms)
  Rendered /home/tb/.rvm/gems/ruby-2.1.5/gems/web-console-2.1.0/lib/web_console/templates/_prompt_box_markup.html within layouts/inlined_string (0.2ms)
  Rendered /home/tb/.rvm/gems/ruby-2.1.5/gems/web-console-2.1.0/lib/web_console/templates/console.js within layouts/javascript (11.7ms)
  Rendered /home/tb/.rvm/gems/ruby-2.1.5/gems/web-console-2.1.0/lib/web_console/templates/main.js within layouts/javascript (0.5ms)
  Rendered /home/tb/.rvm/gems/ruby-2.1.5/gems/web-console-2.1.0/lib/web_console/templates/error_page.js within layouts/javascript (0.6ms)
  Rendered /home/tb/.rvm/gems/ruby-2.1.5/gems/web-console-2.1.0/lib/web_console/templates/index.html (26.6ms)


Started GET "/" for 127.0.0.1 at 2015-06-21 13:38:03 +0200
Processing by LayoutController#index as HTML
  Rendered layout/index.haml (519.1ms)
Completed 500 Internal Server Error in 521ms

ActionView::Template::Error (couldn't find file '/home/tb/dev/wf-rails/app/assets/stylesheets/strike-ui/mixins'
  (in /home/tb/dev/wf-rails/app/assets/stylesheets/strike-ui.scss)):
     6:     %meta{ content: 'IE=Edge,chrome=1', 'http-equiv' => 'X-UA-Compatible' }
     7:     %title 'WF/Designer'
     8:     %link{ href: '/favicon.ico', rel: 'shortcut icon' }
     9:     = stylesheet_link_tag :wf # , :media => 'all'
    10:     = javascript_include_tag :app
    11: 
    12:     /[if lt IE 9]
  app/views/layout/index.haml:9:in `_app_views_layout_index_haml__1438935924539984075_61734860'


  Rendered /home/tb/.rvm/gems/ruby-2.1.5/gems/actionpack-4.2.0/lib/action_dispatch/middleware/templates/rescues/_source.erb (11.5ms)
  Rendered /home/tb/.rvm/gems/ruby-2.1.5/gems/actionpack-4.2.0/lib/action_dispatch/middleware/templates/rescues/_trace.html.erb (4.4ms)
  Rendered /home/tb/.rvm/gems/ruby-2.1.5/gems/actionpack-4.2.0/lib/action_dispatch/middleware/templates/rescues/_request_and_response.html.erb (1.3ms)
  Rendered /home/tb/.rvm/gems/ruby-2.1.5/gems/actionpack-4.2.0/lib/action_dispatch/middleware/templates/rescues/template_error.html.erb within rescues/layout (28.1ms)
  Rendered /home/tb/.rvm/gems/ruby-2.1.5/gems/web-console-2.1.0/lib/web_console/templates/_markup.html (0.4ms)
  Rendered /home/tb/.rvm/gems/ruby-2.1.5/gems/web-console-2.1.0/lib/web_console/templates/style.css within layouts/inlined_string (0.4ms)
  Rendered /home/tb/.rvm/gems/ruby-2.1.5/gems/web-console-2.1.0/lib/web_console/templates/_inner_console_markup.html within layouts/inlined_string (0.6ms)
  Rendered /home/tb/.rvm/gems/ruby-2.1.5/gems/web-console-2.1.0/lib/web_console/templates/_prompt_box_markup.html within layouts/inlined_string (0.4ms)
  Rendered /home/tb/.rvm/gems/ruby-2.1.5/gems/web-console-2.1.0/lib/web_console/templates/console.js within layouts/javascript (13.9ms)
  Rendered /home/tb/.rvm/gems/ruby-2.1.5/gems/web-console-2.1.0/lib/web_console/templates/main.js within layouts/javascript (0.4ms)
  Rendered /home/tb/.rvm/gems/ruby-2.1.5/gems/web-console-2.1.0/lib/web_console/templates/error_page.js within layouts/javascript (0.5ms)
  Rendered /home/tb/.rvm/gems/ruby-2.1.5/gems/web-console-2.1.0/lib/web_console/templates/index.html (28.5ms)


Started GET "/" for 127.0.0.1 at 2015-06-21 13:39:09 +0200
Processing by LayoutController#index as HTML
  Rendered layout/index.haml (521.1ms)
Completed 500 Internal Server Error in 523ms

ActionView::Template::Error (couldn't find file '/home/tb/dev/wf-rails/app/assets/stylesheets/strike-ui/mixins'
  (in /home/tb/dev/wf-rails/app/assets/stylesheets/strike-ui.scss)):
     6:     %meta{ content: 'IE=Edge,chrome=1', 'http-equiv' => 'X-UA-Compatible' }
     7:     %title 'WF/Designer'
     8:     %link{ href: '/favicon.ico', rel: 'shortcut icon' }
     9:     = stylesheet_link_tag :wf # , :media => 'all'
    10:     = javascript_include_tag :app
    11: 
    12:     /[if lt IE 9]
  app/views/layout/index.haml:9:in `_app_views_layout_index_haml__1438935924539984075_61734860'


  Rendered /home/tb/.rvm/gems/ruby-2.1.5/gems/actionpack-4.2.0/lib/action_dispatch/middleware/templates/rescues/_source.erb (11.7ms)
  Rendered /home/tb/.rvm/gems/ruby-2.1.5/gems/actionpack-4.2.0/lib/action_dispatch/middleware/templates/rescues/_trace.html.erb (4.4ms)
  Rendered /home/tb/.rvm/gems/ruby-2.1.5/gems/actionpack-4.2.0/lib/action_dispatch/middleware/templates/rescues/_request_and_response.html.erb (1.4ms)
  Rendered /home/tb/.rvm/gems/ruby-2.1.5/gems/actionpack-4.2.0/lib/action_dispatch/middleware/templates/rescues/template_error.html.erb within rescues/layout (28.3ms)
  Rendered /home/tb/.rvm/gems/ruby-2.1.5/gems/web-console-2.1.0/lib/web_console/templates/_markup.html (0.3ms)
  Rendered /home/tb/.rvm/gems/ruby-2.1.5/gems/web-console-2.1.0/lib/web_console/templates/style.css within layouts/inlined_string (0.4ms)
  Rendered /home/tb/.rvm/gems/ruby-2.1.5/gems/web-console-2.1.0/lib/web_console/templates/_inner_console_markup.html within layouts/inlined_string (0.4ms)
  Rendered /home/tb/.rvm/gems/ruby-2.1.5/gems/web-console-2.1.0/lib/web_console/templates/_prompt_box_markup.html within layouts/inlined_string (0.3ms)
  Rendered /home/tb/.rvm/gems/ruby-2.1.5/gems/web-console-2.1.0/lib/web_console/templates/console.js within layouts/javascript (13.2ms)
  Rendered /home/tb/.rvm/gems/ruby-2.1.5/gems/web-console-2.1.0/lib/web_console/templates/main.js within layouts/javascript (0.3ms)
  Rendered /home/tb/.rvm/gems/ruby-2.1.5/gems/web-console-2.1.0/lib/web_console/templates/error_page.js within layouts/javascript (0.4ms)
  Rendered /home/tb/.rvm/gems/ruby-2.1.5/gems/web-console-2.1.0/lib/web_console/templates/index.html (26.6ms)
